6 130 183 169 247 46 88
3 165 2 151
5 175 274 52 56 159
3 132 257 0
4 149 171 24 294
4 211 77 9 178
3 173 153 13
3 278 84 49
3 208 193 227
2 189 293
2 123 94
2 69 135
4 270 194 1 87
3 240 37 58
3 143 279 276
3 272 229 246
2 233 97
3 186 251 290
4 231 47 297 15
3 262 126 216
2 206 181
3 256 261 85
5 120 17 280 264 137
2 30 288
3 215 107 33
4 100 66 154 150
2 252 223
3 228 71 54
3 176 142 127
3 43 263 18
3 192 55 112
2 145 141
2 104 83
3 67 239 221
3 182 155 168
2 59 271
2 152 225
3 115 289 131
2 12 218
2 51 242
2 106 136
3 78 292 116
4 250 31 291 102
3 266 20 92
2 196 48
2 265 62
3 238 255 10
4 199 219 220 103
3 35 195 285
3 45 205 162
4 248 105 34 180
3 124 81 269
3 139 16 75
2 98 138
3 5 287 210
3 118 119 133
2 201 63
2 70 190
4 235 60 187 275
3 93 25 95
3 283 42 36
2 101 258
3 90 76 114
3 147 6 197
5 140 23 299 99 164
3 22 237 73
4 109 117 253 89
4 160 298 286 148
3 177 268 144
2 163 243
3 61 191 204
3 170 28 65
4 86 11 134 234
2 27 156
5 3 236 166 38 41
3 209 207 8
3 26 254 217
3 158 295 7
2 111 260
3 157 50 179
2 68 213
4 82 202 4 108
5 122 64 222 121 184
2 14 185
3 146 40 249
3 172 244 212
2 241 273
2 284 245
3 128 29 79
2 214 282
4 174 53 188 80
4 230 32 74 296
3 281 19 110
2 277 96
3 39 232 203
3 91 226 167
4 224 267 57 72
3 113 125 161
3 21 198 259
3 129 44 200
