28 48 84 474 9492 8110 3784 9858 3609 4857 1831 7898 3645 8545 6772 8601 7999 201 1740 5963 420 2728 7294 4708 9261 2575 2723 4193 3207
17 88 187 303 568 5291 7535 1168 8981 2702 9741 7894 7998 5094 9103 6444 8593 4469
26 677 719 1236 4979 8576 8591 2213 9460 5249 7094 1275 495 4810 5506 9488 3365 1950 4381 9099 3407 9465 4780 9010 7524 5273 1343
20 837 1066 1178 1519 4420 1274 4436 4116 2953 4306 9500 2705 919 1575 5928 1952 8174 3014 6242 976
28 1209 1315 1335 7277 2464 708 2355 3531 934 2680 1393 7222 5041 4012 1905 9533 3178 8297 9588 4783 8497 1442 562 6788 4723 8211 4606 5370
24 1515 1543 1560 7882 657 9833 5764 7501 6223 6857 194 1814 1953 1796 5956 6204 1136 8495 6376 4732 3018 7060 7306 2620
23 1757 1900 1992 8419 2731 1319 9933 7875 9318 7418 7820 4419 1119 3788 6564 620 8056 7664 9596 7183 5455 5865 8618
36 2009 2135 2356 2695 6927 8951 3205 8493 2565 2630 6696 8212 7178 695 5180 3316 8748 8750 3101 9335 2995 6175 2965 6299 2419 6660 6651 5916 2481 1594 9555 5964 8541 392 5697 3346
18 2432 2519 2571 2581 3179 9271 1808 8765 7963 2131 3348 8124 8619 6954 891 6890 2807 3705
31 2920 2949 3156 3253 3869 7399 1529 6397 9428 4549 733 4407 6574 4710 940 968 8357 5355 2493 9315 237 9115 6586 3653 7694 4458 5048 8861 9507 2238 8552
4 3580 7657 2166 5982
26 3629 3696 5475 2956 5502 6874 276 3016 6773 9091 1827 2936 9945 344 6229 6690 3998 1608 8818 2962 3486 5521 3128 8879 1341 9326
29 4008 4078 4094 4309 6403 2148 1340 5943 1566 6006 1926 4715 9239 875 500 4870 9170 8704 4342 564 9149 7688 8919 1813 1599 2312 8185 9776 7173
28 4377 4435 5137 1322 7285 4535 5396 186 2632 2084 9162 6776 1026 1446 2555 1329 2226 4837 6549 4737 1936 6275 7283 4519 5435 6876 8249 3690
13 4525 4839 5018 7013 2759 522 2372 7559 1085 7850 4287 7317 1018
30 5299 5335 5440 5868 6541 853 3759 8263 7048 6999 7749 5909 129 7106 6539 1806 5416 4847 5165 5468 3634 765 4926 1987 6440 7744 3529 7834 8083 7467
26 5970 6002 6031 4365 6581 4692 9671 5122 153 686 4915 6478 9060 8286 5333 6841 2890 1691 5142 1426 2879 6045 9669 3107 638 2225
27 6252 9231 6366 3625 2851 8745 9163 9224 3299 7321 4359 9548 7095 8623 2471 1089 8634 7067 5015 4812 4484 8836 1514 6246 587 6364 2845
30 6412 6783 7005 580 7152 8737 2640 2675 8062 5632 3466 1922 2469 9398 6395 6668 9904 9174 9932 3019 4131 2743 6796 4129 2490 3872 4077 7057 8078 7161
5 6466 6670 7109 9767 4471
16 7270 7635 2644 1116 6130 5778 9193 6565 72 456 2087 5068 9218 9725 8697 641
23 7463 7475 7928 7956 9256 7125 4368 7510 4660 9939 7192 9718 116 5007 6180 4945 1400 9413 4763 2491 4305 2329 3975
19 7965 8175 8292 8878 9043 6184 946 1626 9909 9123 1983 6943 4203 1287 4197 1148 2961 1544 2677
22 8310 8640 8773 3246 2514 2616 3355 5518 9342 4822 5 9034 2101 2071 6653 9953 5515 2080 3950 1938 2697 8722
17 9313 9393 9504 6521 7219 9749 662 1633 8580 2157 6576 831 6715 1570 3652 6470 1300
26 9707 9913 7712 8743 6437 7754 1934 2468 2272 9474 9022 688 4460 3359 4423 7958 4210 9211 3642 4022 6108 8369 2998 1823 5125 8377
27 2465 9976 4379 782 7668 1215 6570 6589 1415 8164 2121 5610 6571 6452 7645 238 7718 3234 5479 905 9839 7511 2302 7705 8636 6958 1456
21 3607 5497 9847 672 5240 8079 1106 1910 8529 6597 454 285 7809 446 4931 389 9147 2298 6585 566 1378
26 9752 9084 3442 3325 3970 8909 4089 7724 7830 8111 1623 6787 8318 9050 5945 4425 7367 9525 2775 1354 1698 5735 9797 3522 7017 2597
14 2735 7429 4090 5693 7364 494 6593 4965 9623 7422 8746 215 1774 9287
18 6822 4494 6263 2635 1863 3502 4713 2075 6850 7488 8186 2021 2923 2340 1253 7365 6174 7760
27 549 311 5537 1047 2437 4093 9142 8074 6861 6970 9113 8264 5274 8068 7802 7661 2003 2676 3804 3937 8678 5337 9875 4530 7069 8044 9915
23 9619 1305 9563 2787 9949 3949 9265 7134 8782 249 2769 7627 1320 1042 914 4963 9946 1409 2496 5152 6284 7756 1545
13 5192 3055 8088 1546 4934 73 4132 4199 8685 2704 299 31 3887
21 1097 4601 9003 2247 164 9457 2304 2984 6081 711 4638 5879 1096 6680 3977 3999 1130 6339 4173 5349 180
16 2015 6684 4472 1871 2804 1861 1464 9513 4204 357 6167 3487 8539 4280 9295 4736
34 4742 700 423 8518 8731 3666 1627 3435 3102 8324 5116 867 9950 8103 3765 5134 9378 6234 7529 9554 6414 1976 1486 5568 4053 9598 1821 6520 1336 2815 5825 2864 8210 8556
37 1273 9514 2720 7861 9634 2250 1222 7209 7276 4503 379 8339 6769 1123 3282 6447 2109 1649 4970 3747 42 2913 7921 339 4655 346 4609 5940 4151 3033 6449 2925 4383 4157 2540 3857 6342
21 6689 8890 7261 8908 5683 3814 9339 6335 597 1225 429 5246 5283 7660 5773 3143 1334 6606 16 9387 3620
22 3090 713 8477 4602 8155 9127 6407 8970 5298 352 9438 3278 5155 3767 4647 9244 4025 6055 2334 162 2778 7482
30 7936 5250 9143 857 4074 1603 9160 4533 151 4906 3150 3913 1229 1654 668 5605 1775 8117 5315 5946 9197 2725 9692 341 7814 4295 8463 6458 5944 2818
7 6277 203 3911 1284 3837 7055 9520
22 5934 6901 3444 5769 8747 5751 4063 5553 5498 7616 5035 4572 5181 7997 3852 9178 7593 755 1367 5342 4641 9736
30 6815 7070 5445 1105 3635 4457 6415 2765 37 9136 8009 4454 2719 4521 1463 9086 1164 5850 2553 5109 7027 1571 4707 7159 7257 4928 8666 535 3069 5631
26 4679 2244 4168 3241 6816 9366 1435 3256 6083 8169 2308 7345 2378 7591 5430 4239 6354 6355 6448 1991 7964 9168 8311 8424 9766 2208
11 2883 3817 9305 4059 1138 4948 1433 3752 8027 7755 492
22 5324 1867 4758 4493 8665 1985 4617 886 8214 7339 1417 6190 6016 3064 1226 4013 722 4799 737 9374 4042 7601
9 6381 2917 6706 8703 1102 6251 6172 7812 5903
25 7957 769 4071 8329 7994 9684 3098 3261 4552 5792 7498 8072 893 3992 2959 283 5565 3159 5577 2892 2294 195 185 752 8727
15 519 5717 7499 9409 9449 2805 4825 8177 4212 4290 1914 3968 4874 1493 6686
32 606 8708 3549 3307 3167 5352 6647 8667 7564 4236 2234 6104 4651 7288 8986 1857 6923 855 5524 6267 9258 5820 407 3189 5423 7416 3762 8404 6087 2659 8850 5672
20 1776 8950 751 7684 2486 6230 2387 2803 1704 5795 1971 2483 6688 1280 1398 7717 9454 8308 9834 4538
15 6663 5235 5300 8670 6349 9585 7376 4339 8070 432 8865 757 7131 5857 9329
23 563 9072 9403 3473 5420 1525 9943 8390 4076 8003 941 9969 8233 2549 6232 2744 345 6501 927 2211 1961 8884 1569
13 9679 768 3117 7135 1422 4969 3621 8288 6596 7120 2309 4718 4646
23 5860 8758 6301 2052 9328 4111 2366 2557 7806 612 543 1767 6038 4947 8361 5320 7917 703 1717 1432 1268 6957 4321
36 6916 9888 6807 2061 2382 4656 2781 7342 8996 6808 5462 4104 2882 3213 7286 9148 2563 1567 7099 8738 5525 9958 7541 5255 6935 6092 460 8983 228 2746 6343 3533 8371 8429 8001 3880
36 2316 5086 4618 7561 1430 380 5622 3623 2270 9031 6915 3799 1638 7866 1967 1921 9706 4429 7217 4188 7583 5326 8248 2295 5199 8912 9032 5231 6071 5745 4766 7083 648 3304 3656 343
34 4058 7929 4587 4806 2799 6652 9138 967 230 5211 2042 776 7743 6612 5849 6469 3873 104 1853 8016 6276 6632 4581 270 6976 4676 4444 9931 4545 4616 792 5533 3043 4120
21 7401 2384 362 5079 323 4599 2182 5028 6028 8714 8256 1039 3600 1694 882 79 7349 3637 6212 6210 3562
16 4855 273 6831 9325 9140 3565 4938 7847 9475 5082 7315 6737 8809 3225 5223 9693
19 117 7913 724 2063 8105 1591 8605 5197 2968 1928 8658 5328 1708 5676 5787 7577 7568 1602 247
21 6695 7040 3855 3371 7444 8821 6777 9400 4452 7741 5681 841 5984 4850 9740 3643 5173 8874 3097 7252 2627
28 9675 6198 2132 2140 4024 907 8303 8180 3835 1795 2188 236 3302 6236 8208 4814 5467 5776 8802 3744 9007 3995 5685 188 1454 327 8301 626
25 4307 375 9550 9337 1075 1217 3141 4136 6513 2762 1145 1132 7723 1974 1606 3000 8936 287 931 8483 593 8267 7836 7784 7733
35 1040 3921 6742 3740 8191 5241 4696 3434 6197 4209 3127 5559 3339 5104 2159 5904 5552 2903 7699 3878 4336 6432 7667 7780 1157 6487 971 1127 4508 1658 1683 9499 9241 1677 3825
16 222 1005 3555 1135 7458 2474 4230 7412 2946 7343 1802 9656 4393 7818 3791 1705
17 3578 8153 5350 3266 77 3709 9609 5147 3792 8090 3349 8717 2821 9637 2456 1001 2691
29 5424 4894 920 9799 2559 961 372 9625 6454 572 7477 629 9249 4932 1358 220 6628 2150 1298 8354 7233 8356 9772 8423 9013 6250 2224 2608 6127
25 7952 3654 8853 5454 4627 5781 3716 6084 6278 5493 5965 7526 5961 6100 3800 6419 6899 1878 4702 9432 9690 6177 7831 2922 6467
25 24 2869 8962 290 846 1046 2480 7187 4147 365 7900 2241 9368 4711 9983 6375 1029 8906 2204 7328 3374 2678 207 2168 4483
24 4637 4150 6115 541 1833 8796 8173 9392 821 2558 6932 76 8063 7147 5141 2094 2734 204 3727 9154 5812 898 4277 8057
26 3988 5885 4143 6228 5875 9464 7636 9035 3364 7729 1943 7234 3314 2048 2248 2417 8553 9338 2014 3766 5276 3464 4596 9217 6535 9910
17 622 6961 3966 4411 7291 4026 2283 3332 7622 8732 2420 4187 2012 334 4222 8531 8730
19 29 1664 55 9523 1978 5674 4027 4476 8641 685 4506 5436 7001 4962 7289 5057 8372 7899 3737
28 9216 9283 4214 9130 6762 8990 5310 7604 485 6757 8798 6515 5784 4367 9777 413 1404 1070 3020 7491 2562 8499 4284 4563 8260 6994 1150 5586
31 4842 2576 4346 1888 734 9579 7516 1193 8444 4722 5278 5582 4985 3406 7708 1920 223 6802 4684 7175 6400 6370 569 7105 87 2083 4431 9746 2604 3298 7182
17 3149 7119 5156 7685 9738 6009 3729 9732 9594 4517 6286 1750 5655 5921 8887 8498 4868
34 7862 8815 3710 1679 5372 7381 5901 4470 9593 5061 6459 9237 9470 9930 213 972 9664 9344 3764 3706 3306 8733 5588 6022 7204 7484 2145 5623 7112 5798 7537 2090 59 1418
39 157 2986 297 1777 3542 5601 7548 5866 6893 9177 9101 8869 8686 6268 2612 3007 2841 7594 953 501 8136 561 134 970 4369 1901 1351 7976 6572 2816 4573 4169 7144 7431 4412 702 430 906 8527
29 3103 5341 2912 3693 8353 3169 7933 5809 2122 7857 8326 3494 2990 6655 4382 260 4578 2433 7504 8905 5898 2058 6797 5726 1483 5338 7290 1118 2134
26 3281 5716 957 5598 5158 2119 1494 9044 3659 6736 1451 8776 577 7333 9961 7973 160 2487 5325 4551 7938 469 8735 5874 4909 5046
19 6724 445 6321 8913 1893 140 7338 6046 834 8626 4668 8467 7213 479 3162 1219 6717 8226 1805
24 2020 8395 2008 8406 3692 6538 8112 1902 5838 8695 2362 4588 3926 7706 6675 359 2687 2282 2381 5706 5936 75 3206 835
33 3030 8840 1601 9164 8042 7840 7665 6066 8257 8296 9268 8182 816 7077 1781 6442 1291 2413 6249 850 63 827 1916 9399 2146 8255 1122 4416 3492 3641 3042 2862 8113
24 3471 7141 8102 1 141 3770 9505 6121 9911 8099 8534 5694 8616 2231 2016 5000 8170 7396 9895 588 9599 7833 8352 3870
37 585 268 7640 3025 5756 992 2732 2665 9458 175 5160 4871 1589 2393 5569 5256 3570 6605 6165 5958 6774 1296 1125 9348 1316 5827 451 3587 4923 4576 6929 8608 4391 6302 8858 7996 437
35 4495 1353 5406 8342 4396 1175 7628 5584 4605 8101 3904 147 8075 4117 808 9298 6201 2729 6830 3130 2068 4694 4529 8954 2733 7961 6554 1413 2258 3166 2747 3687 5988 2227 1006
22 5649 7149 1840 3216 779 1255 2621 1911 3547 582 7791 5919 3337 3060 7128 6611 9713 8625 7300 1427 7937 5108
40 1528 583 2941 8204 5779 6173 46 709 1937 6460 3499 5700 9167 4358 2137 4964 3392 5810 9092 8294 3004 8399 2403 8461 1401 8084 4598 6835 8012 9857 5030 644 2339 7803 6373 3035 5817 9650 7824 7731
24 1735 5304 4829 1999 1604 547 7582 7177 4663 6008 8855 8107 3237 1094 7536 6704 2752 4678 988 4956 4580 6782 4040 5020
38 741 5381 9979 8559 8728 6842 1755 7019 4756 7169 9027 5835 5076 9980 1791 7987 793 6880 6231 7007 1516 4878 7497 3283 4619 5522 8427 6637 2097 496 3132 8561 652 7739 3106 8380 5977 3586
32 3743 9581 1269 252 1109 4477 40 1391 4653 1248 897 4787 7654 2141 1810 320 2844 9480 6714 8165 7385 6755 5128 6869 4238 571 1659 1161 1490 3957 2847 1931
2 6039 7206
34 8520 3457 7877 8989 3453 9276 2076 3062 649 8851 4853 1176 8511 3561 2601 3070 93 5470 6042 9442 8763 3650 3955 8679 2692 9343 5354 4534 8295 8503 2606 3264 1887 1134
9 4687 3564 6649 3938 1503 3936 5530 7852 978
24 61 4788 6952 8184 4335 1629 4135 4430 8127 7353 812 9489 7910 4603 1347 1759 6097 7423 308 6057 1288 9198 6595 5390
29 5161 6456 8179 8093 2754 9199 3532 6587 4278 1016 8721 133 9784 6116 6387 9275 9597 2102 6545 6388 5331 3357 8712 3063 3322 5130 2113 1115 998
38 7799 489 9207 5245 5426 7456 9440 9248 5824 1364 5386 4014 2037 2945 9351 3201 279 5689 2190 9079 7800 1485 2772 1678 6557 8660 2001 191 2472 1507 307 4769 9 9711 4951 6257 8710 1558
22 8420 8675 6424 9735 9180 1537 1942 1309 2156 3476 9659 5353 5472 1501 6863 2978 5002 5421 8360 6813 7160 5985
11 6160 1866 9289 3760 3023 5397 2826 8349 7736 8457 4325
15 7468 6015 2550 4968 8790 5894 8411 7039 5926 2703 9668 3343 8487 6365 5953
27 8578 5140 6240 7672 4486 9407 3550 8400 3123 8961 3045 9774 999 3152 600 8845 888 3497 1440 3324 4303 2594 7489 443 6258 2322 3279
17 9121 1744 3187 1764 5643 3118 5038 416 5275 2811 9973 706 4577 2624 3388 3679 2897
26 1993 3239 9901 7911 6034 8609 5952 244 969 4528 6687 4015 5680 9108 8734 9587 5528 5177 981 5151 6153 7801 4731 2880 321 2544
26 9411 1563 7091 3877 9247 9879 2596 4582 8431 5389 1772 3072 5357 6530 1011 8347 2619 7139 5509 6792 9439 9971 2598 8648 6158 3631
34 4882 5902 7229 9291 6340 1496 7732 3315 286 6727 1271 15 7341 7689 9361 2051 4044 9716 2947 3508 8121 1124 647 3517 9982 6295 1099 3456 6934 4380 1279 4269 8581 6152
26 4066 6965 3008 3721 5124 2314 388 4301 5492 6500 2761 1829 6371 1766 9535 5266 7473 1675 9502 1739 6631 1301 9782 4018 840 2410
22 610 2429 2278 2774 7787 5539 832 9617 6896 1511 3785 74 8510 2907 6683 8963 1420 3277 9894 3438 2582 3491
26 7318 6633 4586 3116 3468 5400 2388 9896 2921 4689 9433 7142 7972 8572 5269 4315 4813 8683 3797 4337 5044 8877 4779 5398 144 1929
17 9020 2418 8142 3260 4998 9648 1482 7885 9787 1213 4363 9301 6358 3702 7476 3255 4158
33 9626 9187 8509 2944 6630 8998 2875 1069 3425 9881 3271 2933 9444 3009 4993 7939 6308 6854 8197 9435 6561 6464 5363 6972 2779 6826 1848 2301 5051 13 4451 811 3994
23 4644 7940 1431 9592 1598 2359 7904 6617 2358 5722 1782 963 4831 7302 1237 1505 3711 548 6472 6889 2193 3310 807
16 2327 4098 2176 712 6725 7540 6193 9057 4061 452 9203 8441 5814 6435 2310 218
20 7227 1356 2013 5749 6285 810 7044 4180 265 2877 9703 8893 3002 1812 5322 6614 9461 5854 5029 8350
25 6694 219 1815 9670 2181 1884 559 2187 2386 4356 9963 7103 6067 7727 9644 5133 338 5083 8621 6858 2017 2398 5675 4876 8596
34 5222 8271 4056 6710 2442 2952 2900 8642 2802 2377 7466 9566 6865 8244 8481 7132 5587 8549 2721 4345 2911 9591 8709 4954 3768 9352 7225 5800 9891 9984 8948 8327 9635 4091
19 6361 3321 4548 5765 2650 7671 5873 393 5707 2533 9173 9356 1205 750 7242 229 4697 7906 994
18 3647 1007 5327 5736 7868 3485 9367 9201 2416 4612 5277 9756 4361 3488 3676 2656 9753 3723
37 8564 113 6607 2741 3477 8167 7988 1480 4046 5101 1539 5163 8661 5734 3233 6948 701 5271 7848 5789 7299 5585 621 5759 2317 192 6050 9125 4229 2223 7054 5972 2318 6421 317 6294 4281
20 7716 5126 9468 404 4488 1258 4178 4480 6259 7992 9529 1540 4271 3678 6936 2637 6895 1350 2300 5225
11 6913 4984 6392 6076 1459 7691 4559 3753 8004 2850 9824
34 3168 6900 2507 3410 3575 6498 9610 3818 952 7576 2525 2547 1944 6775 6806 4357 3714 9880 5925 3331 4739 4097 6738 2584 8668 8852 2111 4216 8859 4672 1481 762 8808 557
26 2313 1724 5402 6044 1873 9681 645 4099 5951 9132 7769 8953 5998 5630 6963 3443 4002 866 7298 6187 2299 545 7871 3379 6030 7015
27 5343 3667 6767 8557 8575 922 6216 4593 7595 5803 514 7274 137 2125 8031 8284 3919 5979 6795 6750 9990 4716 5179 1261 8941 1547 3032
33 554 7088 1794 3783 4481 7245 1631 775 9151 4834 599 8023 8502 4086 8547 736 7626 1154 3832 1743 6803 2560 441 6812 1894 9582 1091 7450 6291 4918 316 2698 8700
28 8587 6418 9698 8698 6780 2531 4629 2288 5084 6531 1243 7550 8305 3382 1498 5261 5078 9285 5505 8408 7981 6194 1517 14 3819 7673 794 465
35 5881 1879 8086 6352 9871 5012 4007 2473 2291 4441 7562 4677 8239 4499 6619 8764 8261 3449 4092 3796 7551 3700 8812 6555 9802 4182 1238 885 1607 9036 5146 7606 3369 5202 2032
15 8189 2828 3333 3036 2059 1487 3393 949 8014 6238 7295 8041 1730 5022 5573
28 7849 394 6269 6843 8213 3445 6985 7785 6247 3685 8820 8148 6451 6064 3593 6692 2749 7797 3076 1906 3662 681 5938 9995 2638 3934 630 8994
20 5027 7709 7188 1332 6794 9182 3732 617 2434 6618 5382 6677 3750 3308 2636 754 4843 366 4569 6517
13 4475 7064 8630 3294 1201 7686 9761 7263 6013 6659 3146 8638 1159
17 6912 8126 1800 7823 1424 1946 3463 5026 9302 5385 6505 2684 1572 3446 682 1941 6090
36 8787 3697 5971 1447 4260 5351 3047 3433 5437 7873 2164 1504 2893 5486 592 684 7405 5877 2524 1851 632 7925 3730 9907 5085 5144 6592 5927 8899 2446 5095 4728 4308 9876 3543 2724
30 4536 6656 2324 2296 3319 9118 7386 9466 374 3203 294 4163 1051 6120 8793 3962 7195 6996 771 7137 8672 1167 7121 9991 5412 5531 9942 1059 9493 1015
28 1227 7293 6662 477 4101 8831 2981 5221 193 8401 3673 8159 6898 9015 7842 1041 8270 8387 4681 3777 6219 6588 5427 7517 6837 3472 1153 3861
26 1194 3338 5724 177 3669 3155 2948 1330 8620 9006 8916 7935 5262 9213 6862 6298 9748 2365 5607 727 7212 6497 6918 7185 8985 4793
27 9733 6529 1883 3655 7190 2927 6537 1509 6062 6962 5451 929 2829 9790 9330 6353 9919 467 8141 4512 4461 748 9605 9786 2091 5546 4557
14 7455 8965 6431 8048 7720 5793 2451 5589 7571 6666 2454 5153 9745 6018
16 7711 3708 5478 4492 3096 3726 1174 3810 7644 4108 4010 6136 8130 4242 9146 4846
39 9820 3049 7140 3546 4546 7870 3615 415 9232 2415 4159 6103 2086 4550 5670 6290 6888 527 2024 3893 5184 6823 9686 7447 1375 7738 3344 5542 3440 5843 4943 4757 1184 822 4149 729 3500 2243 9796
21 8227 4516 9676 899 7530 5399 6700 3886 390 8145 9771 4791 8507 4995 1636 7669 8867 3140 5404 6819 9906
31 7186 4877 5888 4016 9562 2982 5628 6805 578 6426 8659 7414 947 5664 7781 8993 1982 4218 4144 9572 7012 3412 2763 9856 6408 2812 9764 6052 2280 4790 2586
31 3245 2589 9524 9002 8236 8937 3775 993 8300 8542 6161 4068 6519 3436 3948 6810 3222 1882 539 9327 7897 1457 5346 631 5691 7826 7307 3274 3983 2277 3229
21 7810 8029 1407 817 2600 1465 3701 7110 5891 759 8898 3984 5318 3892 5408 1439 590 1088 5449 398 7460
23 9046 6189 1414 696 2235 4137 6886 9546 9394 4415 5770 8801 8843 2229 680 8344 4789 1597 8873 8512 1836 1183 9360
22 19 6654 8783 3527 1605 2639 6356 9375 1968 4872 9284 7143 8160 8760 3285 5692 8268 4688 4992 2396 9112 7025
23 6502 9166 2603 4873 6139 8149 4520 174 7031 2081 2617 6988 5802 5392 9098 4037 8269 6417 911 401 7719 4296 1562
19 8489 5227 1838 567 8219 3885 5234 9832 7162 7344 1101 459 397 2885 3505 536 3597 5658 4941
28 7435 5218 1228 3840 7884 6967 871 382 5941 4802 852 9542 9867 4626 5870 8583 9386 6001 4514 2572 2022 3890 6621 4753 5536 9717 8674 6603
34 666 2370 8225 7763 3846 1012 3295 3269 7164 6824 8749 2443 6176 7397 5738 745 4513 2668 4527 3658 8005 8794 642 1445 3040 5410 3287 3576 5148 7350 3172 3518 5876 8480
31 6485 7864 3918 3276 4657 3038 3082 7816 843 7829 7764 1532 7508 4564 8562 8550 3121 1842 9780 6552 8010 9153 3296 3809 8206 5834 9266 756 6635 5758 6870
23 3147 412 3592 4539 2089 9219 5768 6821 9418 7947 5075 6828 9005 3254 99 3604 9521 2970 9260 5922 4079 3012 1923
14 8932 3249 7687 1384 8290 1721 4858 3228 9701 3044 8446 7305 9300 2758
26 9090 2297 9152 1818 453 433 7588 5243 243 9269 9395 8971 6054 5149 4889 7545 4975 8558 1080 269 4413 9568 5065 4759 6664 805
23 1170 9405 5615 2424 1637 2167 3539 2767 763 2259 1060 6070 6035 9290 2133 9608 371 4795 5599 4424 2200 170 3618
25 658 1492 5727 3540 895 5371 7153 3553 7528 5419 5360 3013 6758 6511 1706 2929 2194 7158 2307 3627 6317 1809 8 1204 4622
23 3005 3409 190 109 7230 7382 671 2751 9848 1832 2994 8415 5384 2099 1129 2161 221 3898 4226 8943 4054 828 1559
32 7028 6404 3236 9935 6575 3778 2360 9408 6094 6582 4314 6036 1771 4073 8917 8299 3841 125 4100 7578 6309 6506 9041 367 6489 2067 1112 944 2287 8396 9918 4929
25 1784 6745 8373 9082 1048 9837 5907 6345 1981 9934 2526 5042 9205 5908 8115 34 6314 4166 2699 5987 6577 8455 3728 9854 9359
19 1512 2233 7114 9314 2937 8523 2753 4130 5014 9612 9526 6909 7334 6641 4690 3039 9583 6542 2939
22 7612 7108 1844 1737 2255 5378 3668 5053 6646 3822 5594 8287 2579 3695 5775 8706 2716 8451 9484 8701 1247 8131
10 2738 9649 789 5837 2745 4966 7941 8506 7207 4796
17 8458 8484 7156 1609 513 3879 6814 8742 4070 5513 5883 5296 251 3080 3378 7896 2773
29 1323 3197 6135 7198 6480 1189 254 9639 7366 1960 9908 3428 6712 7506 8195 7369 4041 8923 3003 1419 1903 9956 955 2361 1619 926 3185 472 5504
30 9402 6150 881 7239 9238 6056 3075 7525 5804 2501 4489 2854 4259 1964 6600 1107 2201 4081 426 7774 3548 2136 349 1585 8168 8091 4531 9396 8098 9476
34 8024 1438 7287 7993 5303 5783 9419 5036 595 643 4491 6930 2043 1197 9624 5329 8926 7647 7587 5023 8544 9643 6733 3856 3567 3628 7047 4438 8885 1103 7634 7324 3252 9569
9 3257 8711 9843 7757 7021 5172 3907 3 8563
13 5991 9924 132 858 8643 7655 4052 4231 2064 7905 2843 7751 9721
21 5387 9406 3579 1113 6293 1817 7813 1403 7374 9189 7008 4257 3945 5204 8508 4811 436 5150 790 3535 8862
23 3651 8302 3358 4640 5066 5297 2347 9365 7050 6887 6766 1156 9414 6760 3899 9922 8386 7509 2905 6955 1488 2019 2508
19 4583 8736 9864 6416 6178 3986 9838 3474 9508 1037 7854 9788 7695 9081 6214 8949 5348 4741 6241
26 7891 6526 9872 241 1349 3181 4328 8266 3157 4406 5380 3186 8775 4312 3824 5753 383 1147 1195 3931 1064 9747 5077 635 1909 3588
10 1406 7948 9997 3671 2252 7310 8384 5839 7297 89
31 5808 3596 5213 7889 8262 5858 3057 7203 8938 2128 4347 1785 9235 7890 5633 347 1610 3401 4771 4917 551 2569 7033 9016 4462 9443 8635 440 2683 1576 4127
24 4387 9347 1372 8425 2942 7690 2180 2207 7256 8228 6744 693 8532 3078 943 3028 1479 1536 9486 12 2073 2449 406 2276
28 7020 7398 4781 8158 9538 5799 9273 8860 7150 2184 272 8134 6866 3606 6730 9026 9798 5558 2996 1749 8006 1996 5330 784 3944 8132 2798 7600
39 3311 3826 2338 6141 942 2661 64 9195 1864 2330 8033 4211 7542 4642 4675 3574 4106 274 1468 1761 4903 5548 8628 3455 6149 3736 7675 2988 4362 3900 5321 5145 5450 7959 1728 901 8925 9120 5637
24 739 1803 4317 7969 4262 4289 2351 8676 253 363 305 198 5203 2127 8604 2475 4402 5897 1600 9280 107 5055 7881 464
26 1773 3640 7180 3148 5620 8192 9865 2350 8234 2214 5645 4674 8013 1696 1650 8720 6072 3303 3350 182 3698 410 7073 302 1579 3259
27 5491 4693 4208 6316 5511 8768 3802 1441 7171 4888 1700 3133 4895 5123 1568 65 7502 9085 2859 4997 3763 6556 2950 6977 217 9448 8047
20 3990 7325 788 526 2262 2529 4983 5447 7127 7485 8333 9257 3015 5489 2592 7311 8980 6748 3664 8921
27 6123 7320 6329 2641 2536 1860 3398 8379 4958 403 8719 4801 6027 3920 4036 6620 6947 7377 556 9801 7752 5270 8966 3649 625 2002 7621
15 1630 9463 5948 5237 9925 9350 6811 8362 154 1671 6801 7543 3707 2494 7362
25 7129 1013 4428 5743 2143 6425 2333 1587 4607 8761 9655 2810 3429 1282 9584 9001 3079 4038 3182 6625 2532 3053 8304 7653 3560
32 7329 2079 9473 8020 4297 2077 4652 5830 553 2809 7370 1104 890 9724 9987 7796 7462 3902 7101 6995 3061 3943 1765 7029 468 5056 7390 8046 5932 7395 9061 707
29 726 6849 2538 6818 3906 7682 156 5008 9992 1561 5519 1199 2345 7560 7100 3551 1719 9233 2712 4001 8632 3552 9373 7469 4463 4785 9025 4185 4133
22 9920 1024 2916 6048 3958 7041 9604 9731 3373 2966 8237 586 8883 9230 3115 8705 6171 2129 5561 8680 2269 9530
23 699 6658 9052 5358 9483 9471 5741 8181 4478 9312 7201 4501 1596 2177 5501 8154 7058 3969 8054 3380 4186 4955 9573
19 9985 6601 3663 5091 4390 488 3681 4172 7136 8183 5209 6941 2219 5407 4418 8282 7166 3838 4145
31 9852 6199 8209 4706 4885 8637 1500 3022 8615 4344 1211 9641 1710 163 7490 5268 2390 6982 8933 4881 6679 8283 9506 3360 3091 9578 8568 2165 6032 6322 1359
12 8055 3608 2284 8992 7853 3413 1727 8246 5080 9929 2447 3827
20 2714 3758 1192 165 7038 7828 4680 8769 2647 4465 1742 3889 8751 3100 3932 2460 7603 4364 3591 8535
38 4414 9452 9128 8459 5477 849 6272 8597 6422 4798 6283 3247 584 2796 8826 8627 3772 7566 3661 9658 333 3980 4165 6225 7247 9096 903 3363 8752 2588 6701 2628 5806 2914 7035 9818 5458 9117
24 7210 7471 6110 2123 6856 6523 8306 8235 1390 9590 3882 8894 3084 38 9840 8577 7902 9051 6468 2098 4901 9993 6492 6721
29 6884 2357 7704 7512 6903 9712 5913 560 6971 115 6163 4105 6297 5959 1389 2670 3340 7879 7790 3828 50 2093 2587 9989 3956 1397 6369 4972 1190
26 6740 9769 7226 4705 1835 2857 1595 7081 3086 609 4946 5288 1632 3820 4051 3431 6878 7 7199 6732 4095 5641 9048 8606 1510 9472
22 5113 3208 6493 1651 1984 902 9954 2306 9672 5703 1895 1703 8474 8315 8358 7264 5365 3219 7859 1014 5760 2609
20 1874 6793 6391 5188 9810 1428 2935 9498 6262 5597 9049 101 1849 3248 5544 3095 2170 4445 9095 5900
29 627 4959 9996 9137 2788 9018 5187 100 4639 1880 2049 2770 3812 4241 3286 5415 4292 6613 4865 1019 8019 5253 9532 3402 136 616 4268 8171 3617
28 1593 7553 7116 2838 6457 6558 6804 6771 4914 1294 5238 5844 7453 8162 1214 2367 4727 3801 1816 8388 6427 7878 5836 5833 5978 3400 7758 8217
14 8376 8586 8848 3104 1245 8037 2320 9070 5031 5099 4561 2383 8064 6527
24 3951 3138 2006 5654 8034 2060 7448 6484 9054 3859 8026 4456 5306 2715 6281 5733 8432 8060 9914 3755 1139 5174 4319 8414
27 8435 4511 6747 2106 2422 9190 2323 5050 2160 6784 3227 4247 2412 884 2466 6256 7258 3670 6759 8472 9063 8611 8702 1663 455 8120 3204
32 8739 5990 8021 3566 9527 1676 8038 5074 7680 5247 4272 239 5308 4912 5309 9080 5093 6117 6289 8436 4765 1890 3725 904 44 2792 5634 8866 5011 8538 5230 7441
25 2748 2026 2436 506 7438 1023 9708 1965 227 7063 4082 2522 7327 6906 7982 1839 1155 9509 9794 8716 8095 5003 6881 3719 3619
26 2899 2512 4537 8566 5650 8876 2394 9964 1458 4989 2898 2206 8109 8871 5201 6059 8649 1031 1402 6609 2960 5862 9651 1289 3376 6960
21 864 6752 9191 7442 8071 33 3273 3720 8418 5788 8964 1798 4183 2902 5624 9601 8452 7565 778 4803 6260
23 5359 3196 6877 8104 8128 1647 1693 5375 4256 1062 7778 4937 698 9436 9661 5969 7235 4 9831 3134 4490 231 5859
34 6735 8868 4973 8421 6222 5452 9077 118 5356 8987 777 4453 3610 8540 126 9571 1668 8359 1057 3521 4754 4176 2222 6227 3467 603 3558 9417 68 6411 7214 8080 4911 6221
17 8699 5818 1090 2573 2583 9129 8888 5254 6063 4891 6494 2163 3883 2169 5543 1948 8789
15 5034 842 2791 7575 7930 3419 3598 5164 5463 3538 8930 3684 1548 4341 2951
23 4437 5572 7104 3160 5566 977 9819 2613 3482 6544 8397 1377 6546 1141 2492 6569 579 5973 1312 8607 5494 4160 3929
18 2736 4392 9540 2564 7676 746 5459 1495 7432 1327 7985 749 7138 9004 8519 4553 5629 8069
35 9685 9246 400 7567 4558 7323 267 633 8094 674 458 8645 1117 408 6378 9534 2344 4459 9877 7886 4258 9422 2615 9726 5884 5609 9069 5121 4896 2521 602 3520 6973 679 710
16 945 1734 4648 6377 3516 7771 6937 6980 5742 6845 8391 4162 6151 1892 9937 8947
23 5393 9974 7451 9544 8323 4666 986 9923 2673 9186 8828 3361 27 723 5483 3452 9009 8045 3059 5119 574 418 5281
36 6924 5744 7846 3384 8629 1508 6101 5287 4327 691 6331 3843 1643 7361 5878 3509 4087 5092 6495 3686 4614 9416 9510 5796 5611 4505 9883 5206 8393 1362 9689 7888 6914 9354 6919 5723
25 5112 2426 1973 3501 2694 1736 8345 5532 1345 3052 4323 7520 6509 5490 2499 337 8977 1927 411 5960 5895 9936 234 9560 8119
29 315 7357 4223 7346 9462 1499 7368 8470 3377 6873 261 6608 8689 8567 6754 9866 3599 5930 3318 6233 7358 2249 4466 4760 2391 4083 58 9714 8718
28 8449 1635 7082 2928 8792 8785 5713 444 8800 6367 3421 7075 4386 717 8754 4961 9695 5677 4448 7200 8663 5560 3922 5667 1043 5659 3781 298
32 3170 5510 9768 3029 5487 328 9511 2041 4065 5619 2315 5062 1907 5556 1988 4805 512 1918 5098 7608 1224 9762 3385 264 5185 6731 8684 9067 9792 3987 1573 6479
27 9851 5332 7610 7620 5523 5794 4330 7148 5073 8650 6799 5016 4316 5482 7521 803 3074 4960 2303 4827 9791 3504 8762 1969 4049 5666 7986
44 166 1689 5060 6851 1852 1729 3583 1079 9242 2817 8378 120 3657 5915 4800 3394 9667 3231 2513 2228 7865 2332 9783 3573 740 1720 6785 9250 149 414 996 5383 331 4835 2380 167 6017 9905 4864 8579 5248 8647 4220 5063
24 4352 2110 2108 2477 396 2115 7271 8895 1695 1533 1618 5950 1615 7625 9841 9580 8834 5617 8589 5368 845 9317 8770 2848
20 5856 8073 6304 1460 2178 6989 6716 6902 4397 833 6751 319 5527 670 3894 11 5911 5313 3979 9868
13 9459 8389 8066 725 1542 2709 8726 5232 2185 9215 4140 6080 3347
25 5746 271 2784 9595 9691 9654 4028 8368 6705 6244 1160 6098 1338 2568 310 2265 2376 4904 6481 7649 1898 3863 5923 1230 7115
19 5721 8713 7319 9171 2660 6348 6273 6627 1425 1180 2554 3571 4126 9169 4996 3742 7742 3218 7795
17 2963 3459 3329 3202 5813 6594 5431 8724 8251 4691 7087 5224 9296 2764 1837 2502 2840
36 9087 1100 2520 8426 8856 4141 7092 2696 7096 9263 9133 1620 5009 9264 8051 4892 4085 6203 4899 5715 5785 9739 3395 8081 9853 335 4524 1036 6671 7244 9551 7589 3280 7983 4752 1652
28 1625 9306 3067 8774 266 6398 6969 2585 4326 8243 3867 2107 1799 8662 576 2400 2268 4138 6441 18 1191 6944 9014 9646 6981 4446 6789 3514
22 5500 5698 2915 6786 4940 92 8176 3290 6946 9388 5441 6644 2926 4069 5931 4311 8939 3860 9811 8430 2839 3313
35 4170 3849 3424 7677 511 6703 1913 4986 772 97 6248 3997 402 9000 8814 9321 8693 6891 4730 1885 9688 5257 8002 520 5111 7767 7181 123 7074 8100 2458 8602 2100 9097 1212
36 8277 8979 8715 3891 3680 2663 9429 127 4384 2543 5526 8407 716 1348 5534 8193 5373 8872 5976 6778 6604 3660 4276 2785 8039 5336 478 2542 1811 2195 3427 1028 5580 4310 9614 7789
14 4455 499 2614 7651 1741 9358 6920 1328 1590 5171 4232 8841 8779 7581
24 2742 1674 6068 4050 1580 6563 1474 9561 4355 1220 1896 7794 2346 7437 8454 8501 650 2976 6770 8238 6005 8891 5388 1699
29 2293 3572 4200 7428 4250 830 3807 7208 2033 1613 9075 461 8984 6882 1930 6681 4734 7909 8332 3712 447 1087 4844 8137 9214 758 9311 8178 5538
20 7585 892 8967 1582 3868 4743 4434 7955 2096 1549 5127 7821 9294 5750 8515 4174 869 623 9307 2411
17 1251 5710 2523 4658 9037 1355 1346 9539 2866 4439 7815 1925 7238 8875 45 2666 820
21 8447 1530 1778 7599 5139 594 5529 7024 2777 9755 6086 4155 1321 8839 6499 7951 1295 1278 8838 1939 7049
33 1489 4084 8991 5668 6438 8530 1557 4585 5433 8116 7808 6188 3974 4113 281 5302 3432 8624 8590 1310 8881 5851 6382 7336 673 2849 4922 1185 7597 913 8313 6093 7410
23 3024 6155 7804 3774 4526 7155 1621 1780 1370 4579 7728 6510 9565 1554 8202 6428 7827 6673 2830 9773 4540 3848 2273
31 3976 9412 9495 507 908 2374 2397 9849 4981 8007 5583 6047 2139 5233 859 385 4804 1889 5614 3342 3006 3312 932 5129 1552 2643 1731 2421 431 5265 8147
41 2335 7117 3176 5466 1527 9549 6739 3270 611 3366 8151 8595 9357 425 3946 7078 6864 7296 7750 4033 2631 3351 8129 3939 8314 8317 3336 6124 4373 6524 5774 4751 5644 3415 3275 6496 9427 1641 7215 8008 6060
29 6004 9401 6239 3833 4021 5766 646 7811 1644 659 979 1979 4167 7624 3672 6779 7990 1645 2886 6390 8222 111 60 7946 1133 1467 2993 3780 6465
20 661 6168 5517 2511 6474 354 4366 9156 8486 3230 5103 6351 1657 2858 7378 829 6949 5612 7053 6834
29 2711 3430 7224 2577 8194 39 508 1947 5708 6722 1819 3595 242 8513 7417 7330 654 5893 8570 9404 1577 3192 4670 7544 2823 8398 3422 8278 5571
25 6159 2230 1697 8978 753 531 2852 7643 9028 4244 1292 4019 7967 4263 3163 1551 7646 5975 2516 1093 8897 1642 2289 4350 4750
24 9503 4635 4613 2352 8995 4913 2556 2906 1429 4866 2246 6181 5864 5651 8725 3212 1314 7505 6798 7179 6590 2274 1769 6753
24 4467 196 5176 6642 9056 880 3556 1317 3959 1714 2364 1538 9616 3545 5456 114 2672 6626 3109 5842 5669 4977 3665 5376
33 9274 8892 2975 6206 7000 5422 9576 3439 9222 9288 5684 5394 912 7259 2861 1050 1357 997 6707 3391 8442 676 870 2646 7923 5648 7775 879 6573 6693 6959 6840 2983
25 873 6306 9754 2439 9240 7065 928 6540 9886 7273 4974 824 2030 5570 9501 7845 6768 2625 1366 3683 2888 3041 9850 3335 6405
30 6741 6053 3773 856 6133 9481 2884 3675 4776 4584 7926 2444 2535 5391 7016 9862 5639 6791 226 3953 5989 2855 7359 9200 2114 7202 3046 8106 3589 5606
12 8548 6455 3601 7768 2825 6643 8652 4195 2969 9496 4714 1855
34 9666 874 1421 2651 6196 9710 8555 91 3418 4497 7679 6910 8904 1897 5005 7062 7944 2611 5852 2685 7032 6079 591 505 8900 6516 1437 4509 1173 9434 8488 4905 9878 224
34 6875 3461 3865 4935 6409 3493 1324 9647 7513 1297 6925 7614 8293 2151 1283 6436 8166 7351 7978 7839 2552 7598 6077 9102 7747 9279 7084 5797 2070 3180 9494 424 4374 7825
28 4112 8203 4233 6164 4003 7434 9537 8118 7730 1846 4819 4449 1541 7949 4566 2479 4329 1379 8456 555 8942 7279 2503 6817 2353 8707 6207 8319
32 7792 5189 8370 965 8274 7193 8882 9742 2505 5847 8500 6562 7918 4096 5442 1395 7237 7615 1854 4152 8946 3713 1049 7979 532 2005 804 9759 4324 1586 8594 6453
21 4575 5049 7779 2740 3154 6488 5880 3137 7547 1308 5786 1956 7184 421 6991 9467 7950 3715 1751 3749 1003
35 4194 2957 9267 2992 8772 32 6261 9972 1745 1081 2045 3981 5001 9789 7392 3454 5314 2175 7403 5168 1989 2682 4039 9621 7003 5319 9893 7519 9873 7681 1868 9775 7409 1951 2618
14 9556 3291 7483 2599 1592 1980 4840 5929 4198 3161 6362 3506 7030 4949
36 4184 1030 1588 4164 9557 2000 2776 1181 2797 8617 883 2025 4282 7920 2835 7006 3356 3699 5512 8813 184 5805 2215 2010 2047 340 7851 4991 1172 9145 9622 7617 6096 7702 4479 8847
2 5480 7678
30 5890 7347 5417 639 575 2633 8755 6622 618 3470 4809 386 7734 1371 3437 4360 3917 3927 2701 3209 7639 7308 4313 4401 7427 9960 8612 980 1306 1646
15 7927 6756 368 5284 1783 5191 4591 2116 434 9292 517 742 2876 4395 9723
20 200 3989 4910 7355 1416 4547 9955 78 9917 2478 1286 786 3448 6525 6860 7887 1249 8322 5081 8000
23 530 5006 277 608 9316 1121 1628 7246 1762 1746 8694 8827 3469 8857 3924 8307 5999 4543 5780 9861 6311 9567 1114
27 9320 4255 5369 5089 1524 5228 4171 6380 5045 2072 7971 6319 6363 6326 3808 2039 8931 370 450 4122 4175 1917 8032 5924 1881 8144 1022
39 4833 457 1252 1963 9116 5453 9158 9948 7693 542 2467 1392 5725 6839 2154 2710 5625 3511 1502 3483 3577 1449 2027 868 8944 6254 2427 9126 1793 7954 4261 9371 6993 1826 2286 5592 3110 4047 939
15 1002 8229 2023 9482 6674 6379 5608 9038 4916 8741 689 9150 5767 8811 1000
6 3910 2626 1142 3334 1686 2591
20 7314 7406 8328 9657 7698 330 7479 3326 6374 7445 3930 6333 6921 4821 6235 9139 9816 728 7130 2430
32 9627 1363 4661 172 9620 5495 6313 1436 7275 2264 4832 2931 6728 614 6846 8250 9194 4597 8015 9389 8201 6303 9310 1126 9885 2435 8275 2423 86 2221 1318 142
26 4196 8574 9602 2642 6749 8940 2654 3839 3465 3694 7194 1396 8291 1870 4190 510 4982 28 3353 9653 7652 5832 4254 1713 9600 240
30 4624 9282 5954 313 8190 2173 9817 2977 4378 2452 6926 4682 7570 4620 4000 9055 3198 8392 8914 9618 838 3153 1526 664 5469 1825 3612 3853 5280 3569
30 7546 481 482 6503 3636 8671 6719 1862 8245 4654 8598 2 490 692 889 5102 9697 9828 2256 3935 5132 6720 6144 3272 1680 937 1074 5545 4568 9673
35 245 206 8832 6669 2497 3585 483 3370 7232 6584 5690 81 636 538 8911 7262 774 744 3613 619 9957 6224 9518 878 2028 1732 4142 143 3914 8797 8152 5047 7772 1210 8740
15 5996 9965 9813 2681 6410 6192 4410 7883 6119 1146 2186 2943 4468 5183 7061
8 3368 9469 5983 6109 3177 2727 5762 5886
35 209 6200 2999 5135 6089 5100 7837 2095 4775 2174 3862 9226 4062 1709 4625 4487 6939 2595 2955 8242 7782 6131 5195 2236 8886 1162 8409 6892 8036 7539 7251 5460 5718 2138 7011
28 3779 2401 9255 1491 9450 5678 5267 4709 3901 6344 138 7931 275 2373 6292 3221 5981 2325 3300 3568 7292 985 7584 4370 9053 336 3131 3367
20 3362 4426 484 2938 1715 8366 8150 9734 9785 4219 1513 173 6859 3844 3481 9531 9059 2484 1661 6143
33 4794 442 3092 1177 8035 8272 9928 4971 2989 9823 1203 9968 2319 6743 3847 112 909 5167 3262 1932 53 7619 8252 814 3590 2459 5286 7607 6964 4447 7079 2985 2669
21 8573 6208 9751 1381 487 1053 6560 9431 9423 2739 6324 6091 6315 8443 5010 6049 8837 1899 1847 3611 9536
23 493 1869 3317 5602 6825 6274 4879 1872 6904 3761 395 8428 8334 6682 8599 7945 7844 9076 995 5138 7026 6676 5665
33 6951 2455 3354 8653 8059 5263 292 8273 3345 6082 6476 7515 5465 3173 3135 2205 1307 6396 6829 1450 3813 5747 9039 3519 158 9892 9662 4146 1484 4967 5845 4841 3288
31 7638 3396 3947 2537 2686 6270 7191 876 7715 8945 4767 8491 384 8143 3142 8863 8281 3214 3916 2873 6532 2267 3144 4030 2050 3864 4181 3113 4273 5790 4432
25 8786 8462 6307 1995 9845 607 3940 5193 9346 8975 8972 8522 3888 7420 4719 7670 1032 8537 1556 7523 6401 6986 5811 962 4103
30 2147 5295 4659 102 5043 5579 1475 3646 7316 7167 3498 2874 8097 1071 678 1702 3235 6061 1770 7419 6429 5980 6145 7470 1462 7218 438 4554 7002 2964
19 7379 5815 4786 2979 546 8585 2192 3782 6389 2863 4473 304 1471 8025 809 7260 801 4565 5968
23 697 9012 4109 8902 3188 9071 7534 2790 5033 9729 938 8788 3297 2891 1360 2069 9040 2987 8053 3745 9184 8959 3850
30 5214 2118 9806 8224 7579 2171 4884 7915 1008 3874 463 9420 7383 9021 5175 815 7500 7855 3526 110 9445 8677 6383 7478 2629 3184 7303 6073 1137 3289
29 1564 3068 5771 1111 2997 4555 1263 9846 4300 9019 1477 309 96 7486 1033 43 3704 687 4148 7421 3309 8276 3787 131 8216 2337 1293 7527 7223
20 4630 3510 4421 3915 9042 8403 1553 5603 7197 3305 4293 9074 9882 9379 8918 3174 894 7798 4902 8824
18 5636 2074 4717 3027 26 5117 8903 5032 5484 8061 7124 1388 3001 1957 721 3479 848 1998
36 2198 1959 4029 6357 5344 2343 8864 8416 9694 2104 8017 399 1383 256 9183 4632 5728 6483 3195 5882 8280 5840 2918 9728 5229 3423 5613 1801 480 5131 7052 3677 6434 7335 1718 7036
28 9559 6296 1010 2657 3129 3603 6305 233 3323 3416 3536 7507 6522 1342 1035 3960 4817 3897 9437 1196 9161 1108 5264 148 5889 1958 4897 9829
33 7648 5748 5540 2856 2245 8085 4953 8806 369 5550 3754 342 21 2737 6146 103 473 361 3242 7786 6847 5448 6215 9855 6691 8600 1754 6330 1021 6445 770 7133 1009
19 9011 1208 5872 5444 3771 9903 7908 1712 358 5574 6623 7658 7989 6209 844 5434 9277 1841 5682
33 7248 7372 1970 376 475 4541 7745 9836 8028 819 8960 9270 8067 5259 7538 8656 9978 3397 5739 8161 5186 8196 604 9236 7157 4589 8223 3460 1202 4134 5604 4156 6111
18 2495 3821 2566 2212 8077 9665 7107 973 8829 1672 4234 4571 4389 9245 2800 3301 4253 7522
34 7975 4848 730 128 9385 1845 1232 3530 5782 8312 3210 202 4248 5473 6138 4235 7402 7860 6205 2348 8335 6636 6385 5196 5823 7304 3954 861 2870 5316 1473 4883 8654 9176
33 1955 5554 2782 3403 9926 7380 4017 2527 7629 7569 2972 7793 9322 8767 4518 4770 4978 7340 8569 7556 5136 5496 7443 3087 653 373 5236 8364 1231 296 9793 9369 5714
31 150 720 9543 248 41 1386 9345 4139 85 9381 7503 3735 4114 3372 10 3776 4988 7707 1933 8200 1763 4952 7495 8639 6761 1726 6950 598 2794 2408 2664
24 2539 8440 3786 7631 1054 8614 161 6213 7118 7216 2053 5821 3480 5939 4177 8453 1701 8690 5547 6350 2203 1254 8517 6439
35 9636 8309 6000 8681 6729 4862 1443 4398 3896 6907 9192 2034 4055 4562 4440 7807 537 1266 9821 6264 2389 4936 71 3581 1241 960 1380 966 3250 9781 2253 7281 4695 7714 9380
20 6765 9078 6450 8207 9179 7692 1565 1725 5899 1476 7573 5933 4921 9299 4523 3982 9835 1824 9425 7433
33 5307 5593 9897 2404 826 2924 4045 4270 5514 1716 8952 7659 4515 9333 1394 9355 4032 9967 2279 1171 2500 4191 7970 785 3048 1242 4726 1662 5024 8089 3871 3390 7533
14 5425 8198 3541 1267 9477 9341 9645 7113 3691 52 355 2607 1656 1339
13 2718 8231 6154 1361 7240 1578 1056 9522 7893 2183 9959 1151 7632
34 9030 409 7312 4202 3616 4409 7901 6871 7411 1169 1098 1302 1259 5105 7407 6140 5208 8460 2546 6226 1622 8584 2405 954 9453 9107 9603 324 6287 6534 4267 6978 5848 2813
19 364 694 1682 4442 1058 4067 7352 8325 2311 1535 1707 205 7835 7170 3876 8999 6323 8482 6917
27 332 210 950 984 5366 9763 25 4740 6827 7272 1828 8241 6347 787 124 2476 62 9308 6992 8781 2392 6300 1408 8232 1084 3928 5244
27 2690 6202 4867 4154 982 6023 8412 7457 9822 3751 6462 8475 8343 3674 8822 9293 2336 5905 1092 7858 1760 8514 6065 8096 8468 8279 3903
22 9869 5025 4815 7662 7387 9234 9962 2395 6579 3258 1376 5239 5737 6685 6112 4729 7154 540 8320 0 3224 6665
32 5205 5887 8784 3058 665 2967 3051 4880 9364 4724 7907 2035 5967 6179 7843 350 4768 6908 4217 6486 2768 9683 7072 5754 7703 3171 4999 1244 4005 9451 3559 3386
28 5377 2780 4836 6491 2260 8560 4227 4699 8631 7176 1188 2082 9800 5411 9779 1027 9223 6368 5252 3626 5429 5242 314 783 8205 6019 4057 5471
22 6879 8108 6820 1822 924 1411 7009 5640 6105 663 1140 2321 7748 5413 5485 5159 2786 8385 6088 8043 8374 8543
29 5535 4507 3426 3114 6402 8504 1239 9900 7066 3909 509 4784 9319 4772 613 183 4925 9699 7838 9323 7254 2801 1858 351 8657 7269 6148 2814 3408
21 825 6003 4761 4291 146 9981 4034 7633 8780 1045 7726 8830 2504 9110 5730 293 9704 6332 2254 8221 5059
18 4665 9805 3991 1218 3017 3842 8791 7492 7284 7071 9674 5367 3961 3389 2354 1611 760 773
35 8346 4502 5541 7249 5516 6966 1352 7425 7761 5702 5995 3790 9106 3450 1461 255 2561 3011 1235 8969 9447 9111 8844 6126 2971 1673 1975 3089 2092 6099 4474 7051 3126 3688 1020
32 5282 8040 5507 9874 3420 761 9497 7558 2290 2407 8533 9611 2766 7267 7630 2506 5072 9902 8476 1945 1666 4650 8771 3217 2342 3803 2488 8982 8087 6507 675 8331
28 8382 7637 4080 212 4035 8854 2771 1453 5914 6548 4777 714 232 863 9547 8471 8525 1856 5595 8592 4192 9519 900 1234 7977 1497 948 3120
15 1804 3381 1555 5272 2349 2822 4542 5822 6074 5207 2251 2908 6979 4820 9970
37 1221 8351 8157 3866 6327 4450 1325 9228 524 387 1924 8450 3967 2808 9490 4443 4890 5986 5520 7098 6697 528 6667 9122 2158 3151 5194 5488 925 2120 2379 8929 4987 6288 7111 8375 9304
19 8835 6255 6536 7097 3215 159 4119 8485 7613 9750 2363 9528 8756 2707 6867 5013 6508 1044 5578
33 9744 8254 7710 8367 8030 2044 9062 1521 9516 8664 9859 6114 4340 282 6043 7552 4567 731 7549 1262 2545 2708 6938 2149 2889 1333 5974 8355 1086 1120 360 6650 3985
34 9890 502 9631 5892 596 5662 4403 1182 7762 377 6386 1584 2645 4669 5801 4698 8199 3912 9870 5687 2871 2980 9825 4201 291 6553 504 8723 2853 1374 1935 669 1758 2755
29 7373 7430 2717 6868 1787 6905 6134 6883 5039 1756 7090 6102 5220 6504 8438 1068 7371 7721 7590 6328 2674 570 5200 4671 5178 9814 1158 2046 3638
43 5017 5285 3830 9613 66 2930 9570 3746 9812 2515 4353 4634 1692 8691 2179 1470 2281 3757 3963 4608 6983 732 2189 2062 3495 449 7313 7605 4762 4748 1687 558 6551 5740 1915 6872 5162 9390 2103 2210 5591 9765 7093
17 9944 4349 6125 9286 8348 2209 2240 8505 1790 6610 1385 4385 8394 1648 4110 651 1344
18 8588 565 57 4782 6615 3194 7282 7309 3622 8956 4031 3895 9073 7122 5190 5828 8744 4818
15 2649 47 5917 7663 4664 3165 462 2842 9844 2191 4942 5992 278 2431 7773
26 6265 3263 428 6836 7876 5503 9410 1369 2602 8018 1299 9687 1061 5618 3834 3794 4755 5638 3996 1076 6183 259 6334 5311 690 5293
24 1313 4980 7465 1276 4863 4245 4749 921 5861 4623 4907 865 4824 4125 3077 216 17 6897 6975 3756 2991 3387 3881 8422
29 5562 2760 7221 3085 1166 4939 3496 235 918 5704 6940 806 3399 6025 8258 5106 8889 7400 7449 503 5114 3769 5418 7980 4774 3644 7165 1522 9131
25 4673 3557 6547 5642 4595 2954 2220 523 1179 1752 1466 9362 6463 1954 4859 5791 5290 246 5432 5555 1144 2196 7496 1082 7700
28 3462 4299 1223 326 1640 5627 7922 4372 348 5557 4944 3731 4072 6085 9758 9083 171 2237 4004 8496 2124 3125 2795 8924 4375 5345 5563 7146
26 435 2904 6711 3490 497 4205 5695 3451 2275 1455 7984 4498 1531 8494 3845 2375 1876 4851 1834 1753 8049 8673 322 6033 4322 9515
27 8410 3512 8803 381 5656 529 9134 7043 4006 6372 7322 851 9966 8439 6990 7674 8927 2868 5110 8465 3884 9491 860 3964 4823 1472 9172
23 5920 8448 4020 6446 8187 2482 9262 1256 7555 4433 2958 1639 9229 3689 964 1072 3088 6384 7968 6514 329 295 7472
19 5757 6245 8434 718 9743 1667 6638 7912 9165 5374 9952 9553 2548 6987 3854 6591 3071 4422 766
31 7666 9830 7255 9487 1685 225 4123 6672 7037 9441 1748 1448 7266 4060 8437 6137 9863 3738 139 813 6037 3815 5414 6166 3941 7776 7452 5949 6147 3284 2530
36 8338 2973 6420 9045 3073 1518 8955 8546 4924 5323 544 3584 280 6157 67 2218 6423 5600 1034 5575 8381 8810 7960 7408 7892 4304 2824 7126 9206 4860 2450 8849 4611 70 796 3478
35 168 7446 5090 5120 6984 4615 896 704 6956 4636 2648 7817 30 2910 4394 9998 8692 1624 836 5052 4621 8336 6282 8907 8757 2932 5918 3268 9606 4994 3971 6051 6266 9545 9638
23 1200 7574 9927 7953 5688 7611 8910 2593 5846 6844 1669 4570 5439 2836 7880 4408 5198 2730 5855 3093 9577 20 7404
14 9144 6473 7086 4875 6338 9251 589 8997 8524 6325 1065 8817 2414 5071
24 5829 8915 533 1792 5107 422 9842 3513 930 1246 983 7932 1373 8922 94 6320 2662 798 9253 1216 7563 2326 1966 6518
19 4720 9633 7102 4869 3026 4704 6280 1250 1583 4274 8413 2065 4496 4685 2498 3145 1670 2242 8402
32 9815 9628 6360 975 839 6764 1797 8445 5660 353 8687 4594 7493 7045 6848 9826 7394 3251 9709 4746 5166 9175 8526 8478 6075 3515 3056 3703 2940 5476 2271 4662
21 1904 2399 2783 3795 3191 1272 7464 3330 6734 6790 288 8076 7354 1789 5997 7895 8230 8139 7228 4683 4592
30 4686 6942 7580 4048 9479 1681 7205 2438 6406 3328 5154 9884 9114 9023 9397 1850 9630 6763 3682 3805 3081 4023 2510 3733 4908 2827 7163 56 2610 5819
22 284 3066 7236 1260 7174 9678 6346 5576 4213 7301 9912 1820 3811 6699 4043 5292 7046 6020 634 262 5761 923
15 1908 4153 655 5699 1723 7494 6078 4371 5087 847 3507 2722 4009 122 2887
19 1655 9640 199 1830 378 3232 5994 7532 4249 2534 5305 8646 1337 1073 4237 7914 6129 2832 8330
25 7602 9105 6718 4246 4807 35 2653 7642 5962 2292 7770 550 9221 7004 5004 3447 6583 108 667 7863 5596 9210 1452 8082 3111
32 8536 498 9702 9064 552 6336 6698 1859 5910 6566 8125 4266 8551 7440 9225 7788 4712 2485 3525 4333 1919 6010 573 9008 9243 7740 4161 6598 4354 6118 7123 6113
35 9586 4207 1986 2470 4990 1152 990 7697 1912 9089 130 2622 6211 1688 8383 2153 1387 4351 7531 6945 4745 3503 7656 5807 2018 7765 9124 3175 5831 8696 3734 3327 8138 1614 1055
28 2605 419 4225 9696 7243 3105 3083 9795 7337 4645 6399 2453 7014 4773 959 8253 8622 5446 5361 4522 6911 7424 2457 1972 8363 4332 2055 8022
28 3200 3632 3411 439 95 5719 7211 2217 5169 23 2088 9807 8469 2371 6162 7168 3223 5115 3183 9332 764 9391 2878 2689 5581 797 5312 6170
36 2881 1240 2934 8766 9951 9512 2551 6132 3099 4828 6393 2846 6800 8901 5040 9574 936 7220 3065 916 4464 6142 5217 6471 5401 2038 8846 8340 9719 2266 6477 3923 9024 818 5720 9677
17 318 1206 7924 7822 7474 6041 987 3031 7384 3341 8490 6 7393 6931 5334 7586 9227
31 9382 5777 135 3717 9297 4228 4854 7010 6237 3829 2541 6661 4500 1434 4816 4738 8417 2232 1083 6624 3243 4574 9898 6195 5251 491 637 7991 9259 8337 9430
37 4920 69 3875 3816 4830 7253 6182 4643 9033 3124 2706 6657 4206 5219 6885 862 2901 8988 8688 9778 8974 800 5216 1078 2567 1469 2462 3908 5339 3383 917 2428 9760 289 3265 9977 9827
29 3050 7867 3544 4115 4957 6648 5088 5405 6243 8316 2057 3722 5379 2837 9384 1690 9363 2285 1711 7942 2331 2328 6095 6781 5752 51 6217 5395 8433
33 6922 3739 9100 9202 5853 8804 5701 2667 9975 715 6156 6218 1198 4856 6708 3925 3293 1277 7018 2634 5157 6543 5696 7439 8172 5947 8365 312 8880 9660 301 5474 4320
21 4011 7962 3484 2197 534 8842 9212 8247 3010 2700 7076 5729 6318 1444 80 6169 3164 1807 7919 4797 4417
32 7557 4482 7934 9065 4930 5457 9424 7903 3905 7389 1612 9155 7701 9941 6833 8833 3748 7265 7250 471 2517 9093 8466 781 1063 8011 6394 1285 4189 5652 7641 9916
13 4285 6029 9349 3292 4264 9376 5464 7363 3404 405 356 214 2445
27 4826 1994 5955 1550 3554 2036 3789 660 3190 7856 4331 6279 9652 1067 6616 705 145 4633 6107 7696 427 8825 1149 9336 3718 7356 1038
21 9252 4128 8571 2257 521 9663 2655 3639 5993 8805 9455 3034 7426 4179 9808 49 1077 7436 1653 7783 6185
20 4064 9485 1326 7572 306 9921 9426 7481 7348 4283 4604 3836 8613 3405 2623 4927 9383 82 5508 3528
32 2518 601 1843 98 3414 1733 9068 3122 1660 9632 7080 9324 624 8976 7326 7819 9185 4950 1163 4560 2757 1423 4118 7023 1520 1877 8934 5551 5616 6853 263 4243
18 3108 615 8816 1233 933 4405 6639 5170 178 1110 1257 5564 5567 5709 6838 1368 4121 5226
19 7196 208 3112 4887 1722 7375 7713 3724 8163 2441 2130 4338 5646 8870 391 7766 6271 8122 9281
27 8521 1997 2440 9109 1634 7759 767 872 8135 2155 5215 2974 4849 3320 2820 9415 6599 8759 9309 3978 791 7413 7391 7042 4348 6997 1410
31 3475 2216 8285 5732 8188 9159 1523 106 8644 2054 9370 9303 6443 7231 5210 2341 2580 1534 8958 3630 9181 1187 2162 605 4215 6640 1478 3942 5937 5058 1962
28 448 989 4107 1949 2105 1331 4400 1768 3624 5481 5289 4667 4701 8289 4747 6629 958 3489 7331 9629 974 6528 7995 8050 2085 9047 7089 9803
25 6128 802 780 3602 2425 211 5679 799 2402 5317 581 9682 8920 250 3136 3582 9119 2860 7623 7518 8114 1940 1095 7151 7459
33 5626 4088 956 5957 4376 152 2409 6512 5279 6832 5070 2693 4343 83 9421 515 2461 8729 7974 9899 2590 3158 3806 5772 7596 9715 466 7059 4700 5731 9446 8265 9860
36 8464 9705 5712 5621 6026 6809 9889 7278 2652 1412 7805 8610 7145 8928 1264 9157 2078 8492 5097 4265 2793 470 4102 1265 4900 8065 3933 6040 4721 9999 3965 4778 1290 325 9517 3021
27 6012 854 2896 6024 7916 1311 6359 8968 4427 5403 9066 7514 5755 1574 3831 6852 2066 3094 6723 747 5657 1665 176 3741 8123 3458 2658
33 6220 935 9804 4485 5409 2011 189 4532 2040 5635 6953 90 2144 9456 7966 738 5966 9730 8528 4252 4933 1616 2750 9094 1506 5037 5935 3441 9196 5647 3858 910 2117
27 8823 1186 8133 8554 3537 2831 2126 3952 2867 7592 7609 1747 991 2756 7735 5705 7280 8052 6894 9088 5461 4556 7869 5362 9220 795 181
21 4404 7874 6475 640 8682 4318 6580 7746 105 9377 5653 5443 3238 8156 2007 1052 5896 6461 1865 9558 8957
32 6069 5686 951 4703 7172 3972 4544 9209 2385 7068 1004 5064 5301 6253 8807 6678 4845 9988 9727 9331 155 7388 5906 2895 743 1131 36 4298 8092 1303 4286 9770
36 2305 5816 6430 8795 5428 8259 2406 1779 6746 3851 8603 9720 1875 9141 8218 518 6602 7189 6014 6490 1025 9188 2239 1405 5826 5438 5912 3240 8479 2726 9340 2671 4886 5661 1207 1304
36 9575 6413 9104 3375 5054 9135 300 3524 8220 9478 3211 8799 2909 2713 6974 3139 6122 4919 7454 5763 1165 4631 3244 8651 8215 4240 3226 2369 4294 1788 4861 6007 7618 2679 7943 4725
32 5663 3605 3199 6186 2570 1684 7034 169 1281 8973 1143 6855 5019 1382 5258 8473 7725 8896 5863 2199 7480 3563 7022 8405 8777 8655 6341 9887 4610 7722 5294 2509
17 8146 2056 9353 5347 3054 8298 2368 3648 3798 516 1891 8819 9994 8140 6578 4898 2528
15 9947 5212 7085 1399 5067 486 4275 2574 8240 9986 4649 6533 9938 9334 8582
33 6550 5711 1977 823 9737 5260 4302 6106 9208 4628 6713 4893 3267 4590 4075 4251 2142 3352 7832 2263 8778 5118 1270 7332 54 3037 9058 6933 5942 3417 6968 9940 6191
34 2112 4733 3594 5069 3993 1886 9564 4744 5021 7872 9607 3534 9278 22 8669 877 2789 6928 525 2688 2894 179 7841 915 5673 5871 5869 6702 4399 9552 6433 9589 9700 5841
20 9254 7554 3614 8516 7650 9722 8935 9029 257 8565 2834 9372 628 6568 2202 7241 4504 5096 197 2448
33 5182 6567 2261 656 3119 4764 2919 2578 4792 9809 9272 8058 121 7415 4224 4221 6726 5364 887 3973 7461 2004 9017 4334 2489 2029 6310 8633 7487 6011 2865 4735 2172
21 6021 417 6058 3193 9541 5340 6312 683 5143 4279 4388 4852 1786 7753 3523 7056 5549 4600 3633 2806 2463
18 9757 6634 2031 476 5867 1617 4808 4510 6482 7268 8321 8341 9642 258 2833 4976 2819 4124
31 6645 119 7737 9680 7683 3220 1365 7777 1738 3793 4838 8753 6709 1990 5590 6337 735 1017 7360 3823 9204 2872 5671 9615 4288 1128 5499 6998 1581 2152 6559
