34 3160 5954 7136 3051 4436 3009 4192 9909 5506 9870 5277 7955 525 5856 1349 560 5405 116 6735 7146 2324 3073 3567 716 1702 727 9275 6903 2115 3354 2119 2829 7294 2623
30 2822 5846 5492 6032 6123 7768 1258 8154 87 4178 6999 1319 7941 3778 8015 4230 9197 9852 3113 7410 2272 1823 1296 6855 8188 1454 378 9383 6955 6405
27 2921 5831 6613 2005 7699 1210 6292 1282 2337 2243 5501 9654 3629 680 3609 8139 5186 9985 2580 6529 2628 6477 1628 2926 547 2985 1397
24 3117 9868 8678 8134 4717 291 1515 8933 5878 3850 3515 7056 4723 8713 1057 6877 6417 8367 1252 1945 9468 1479 6784 9841
31 2820 9997 2772 3501 7929 4917 7790 9989 4348 1671 995 3892 5018 1034 1914 234 8168 6653 7829 8866 7133 1043 8767 4208 3469 7998 8810 7029 3074 6061 1651
33 835 333 2600 8875 4 1597 1659 704 6105 8442 5759 3715 5397 9173 2948 5854 3753 4525 4310 1033 3539 3999 8656 4491 7571 6034 9319 1514 2302 4105 624 4964 960
31 4506 7833 7245 3919 3707 8954 8564 3203 4079 5413 1158 54 5699 8734 3284 4098 4317 8490 6432 9624 8537 4686 3115 6455 7687 3369 5809 5926 3962 6157 7162
25 8450 188 7528 4903 43 3341 7614 2030 9821 4100 9833 9458 382 8373 1645 9641 1164 2347 7987 7714 6222 6041 6881 8216 7341
32 2603 2854 1785 4807 4091 7648 873 9955 4950 7356 3500 6069 9970 4281 1292 6174 2424 8550 4814 8425 424 5194 3617 8881 8344 6489 5342 5711 8164 852 1738 9643
26 2139 336 9378 3050 7992 3275 9485 5218 4465 6584 2989 8253 258 1952 2615 153 8996 6045 5697 2073 3002 1714 9904 9869 6626 7555
32 9670 6933 7014 1772 8162 9625 7800 1149 8528 8493 8617 7645 2685 1091 6945 7844 6451 2315 1224 248 6682 7825 4234 7913 7902 732 2093 8979 574 6498 8470 9741
28 1959 2635 5634 8949 2752 9629 8368 7028 6328 111 2629 3563 3923 1249 4934 4085 5415 1901 7391 3165 2566 6751 5569 4683 7422 4659 6422 7527
24 5260 493 8026 4824 9520 163 7464 6437 2207 8122 300 8721 9824 305 3978 8276 1910 3397 2796 2627 5948 4502 1793 4087
27 7590 2098 3060 1756 7203 7538 794 9324 1118 7209 8862 1723 3174 9081 48 1054 3939 4482 1480 9516 7497 1019 9557 1543 2848 5591 3080
31 6261 8598 1734 3659 9079 3177 8108 2609 6393 7078 9308 2083 1074 3606 8605 5450 2837 1927 8028 7879 967 5626 5339 9176 6086 2618 4346 1255 1211 4418 8909
24 7759 2734 9104 8120 5574 6746 8727 8649 3388 6708 7108 7312 8148 5531 923 2726 488 5888 9536 3098 9353 1615 7654 1199
27 6599 2446 2234 8492 7421 9632 9754 4567 899 9585 7296 1802 5322 3078 67 568 4027 5617 3776 6064 1940 6923 2160 7644 6761 9164 6542
30 5454 2922 4338 6363 9273 3323 8714 9329 2613 9883 7876 6586 9497 8538 2977 5379 2708 2593 3085 8056 6140 3564 4102 8014 9903 3936 5593 3985 5698 2528
30 8033 4172 1196 7173 6925 5086 9777 132 9223 9133 576 6233 9919 4612 4218 5577 4438 2625 3372 3217 8354 988 5140 5039 5337 7332 426 3349 7903 5517
26 8103 1666 26 6150 571 7679 2096 4562 2071 4293 5417 3175 475 4207 5464 3822 1582 3342 7786 1513 897 6501 4505 4490 2467 2338
35 6428 5679 6885 2335 3268 3 4123 402 2762 5457 9491 5935 9126 9110 3603 9072 8390 3942 4120 6743 9292 2219 3043 5131 463 5362 4203 9305 3977 4733 5615 3717 638 9452 98
26 45 8854 5973 7219 3932 5182 6255 2519 4703 8349 6750 7875 8623 1045 3147 231 66 1073 1400 7366 5250 4907 7542 7966 4940 4916
26 2368 3042 6093 5938 5483 4046 678 8178 6764 1083 5070 5550 1389 7860 1885 278 2581 649 7093 1006 2455 1328 8174 8110 824 7774
29 9475 2440 6683 4279 5968 5726 8257 3541 2238 8389 8687 8988 3925 3670 7949 9261 6433 4780 6043 9234 6642 1658 6911 5009 4571 8935 5161 9094 6952
24 5266 2863 3682 2293 4933 504 7777 3018 1668 8191 6486 3806 2845 1496 8999 1581 7357 148 1902 2991 2505 3697 4674 4775
33 6440 3039 3911 3781 5999 1448 7381 6643 4621 927 841 135 9793 6849 6456 8801 71 7549 7623 361 7733 6905 7632 3973 4253 3087 293 316 6631 6577 4058 2630 1445
29 6198 3660 8125 2205 8083 3702 8046 5693 9546 8620 6747 3532 1082 9973 8943 9983 6665 1879 9552 2348 8175 2110 7003 3089 2196 5872 5232 2776 5418
30 1434 8019 6812 5917 9073 4622 5714 2334 3803 1253 9499 5100 972 6191 6434 5488 4743 9002 5718 3343 8310 8379 7170 4154 1481 8965 2478 7856 3101 1268
29 1179 5959 9568 2253 6444 2775 8791 9338 7268 4284 3686 2010 6846 6111 2130 1156 8571 6349 8382 9652 6103 7457 8241 1798 8484 6762 3826 6088 5921
21 156 1711 8919 60 2746 1674 7840 9149 9548 6310 3003 7725 7499 461 7495 469 4908 4666 4840 4827 2634
23 1134 8170 4660 3410 9590 7110 2158 4588 2415 8689 4243 2033 6208 2631 9077 5631 9026 8075 6324 990 3816 7965 5738
25 5876 9832 3516 3903 663 768 7944 1932 107 4341 5597 4564 6701 6670 9513 3737 4330 6987 29 3257 9450 5173 8068 2670 4866
28 1566 5604 8547 1080 7177 4628 513 7227 5821 8040 6188 3277 292 2944 539 4177 9050 9021 7975 5750 7627 3509 8510 9124 9576 9934 4237 4585
28 2758 7080 1779 6211 6244 3489 1620 6715 5906 2370 1262 866 7556 1616 226 9480 829 2676 5995 2597 1878 7746 9710 4580 9723 8964 4329 6575
23 9151 9861 9286 9963 2295 8634 4487 619 7522 5768 832 5477 1469 3359 5773 1955 8380 821 6478 6153 9398 578 7886
29 4467 3883 8977 434 5867 1725 4289 4638 7706 9651 3812 4368 5752 4421 3927 335 8186 9922 742 4211 7814 8163 4463 6534 731 1446 2789 5257 75
33 9738 8725 8927 5675 9459 540 1053 208 5022 3625 8700 3774 6609 1724 6386 6406 1936 7587 6100 9122 3740 4534 2460 7098 3140 8275 4741 3938 7386 4680 8062 3634 7652
26 2150 389 6765 9515 4718 2298 80 8974 8677 2184 4343 7893 2185 6851 1391 6628 5389 5458 3097 9379 2434 651 7089 3872 7066 4605
29 691 4390 8654 7115 2304 2186 4144 4309 8517 3777 5514 9689 1069 6178 3303 1137 8200 6106 1732 2344 1729 3338 8998 6858 6709 1765 2749 8945 1946
30 7318 5455 6340 1021 487 9899 8575 3019 4015 2674 2281 4647 223 3464 6321 8990 2445 8480 9998 1230 7646 3935 2317 9879 6694 6926 2729 1263 5280 2980
26 7678 306 3153 4710 2101 6112 9554 2303 7784 4292 2943 199 6763 7682 4883 6009 6400 8113 9775 269 2856 3752 1518 5907 2807 5240
32 6130 9058 1768 8431 2876 9128 3150 2013 8006 8737 3465 3770 4641 3545 8294 9249 237 2967 2237 2015 1828 4094 2898 3969 1755 4173 2751 3406 5844 8360 5410 8636
28 8980 702 7982 9019 5333 2395 6616 800 7045 5584 7811 8976 2019 6414 3961 8401 6180 299 2806 1684 4301 728 7017 464 6059 8585 5635 7348
29 2995 7643 5908 8781 1325 6995 5783 1322 6409 3229 3546 1747 7005 7265 7171 6170 3325 326 6193 562 9493 5709 2694 5946 9878 5787 3226 518 3952
23 9053 8232 3278 5082 1414 4350 2680 358 8245 4988 2548 3834 1796 1261 5956 4865 3378 2127 315 7595 6415 9152 7756
29 187 3425 5213 2042 4455 593 397 1009 9267 7727 4375 4074 8355 3437 6204 255 6083 8674 6934 2377 5599 2405 717 1634 4619 8305 1327 7722 3227
21 3190 5608 528 5516 3851 1440 4692 1777 1032 9029 5080 1046 4819 8054 7211 4283 7897 5795 769 2915 202
23 3183 4904 3312 2244 7985 2323 1865 7111 9260 1011 5327 798 8722 3723 9276 2839 2164 2662 1357 6909 3157 2902 6246
28 2717 2223 5653 6871 8204 1750 760 5822 7671 1980 715 4212 7247 2683 4761 6841 4750 5081 2492 9597 8059 880 2294 2063 4961 5586 3279 7534
25 7849 295 3519 5171 473 4758 4229 3797 8931 1280 8279 4148 14 6353 6124 5246 9676 3252 1534 8449 5571 253 6074 2456 9941
29 9822 7851 6096 8166 5128 961 6815 2710 5580 9898 7835 2986 2887 2390 213 2245 8429 3475 6219 5807 2438 9146 2619 7734 6717 8228 3038 1864 8629
34 6430 1111 4115 130 721 1257 6262 1639 8423 3487 7767 2808 4136 4316 9464 157 6282 8759 7622 4470 5980 7507 8570 3793 5753 7465 50 9508 2197 399 9208 5849 4540 9154
28 3448 5771 5209 1139 7650 4093 8746 1542 4358 685 1549 7950 5811 781 32 4943 5199 5357 7832 8496 3189 3591 9948 4416 121 451 6776 4881
25 6056 8172 5886 5553 1499 5585 1042 8532 3212 2280 933 7560 4829 1413 2484 3245 3365 7303 1811 1576 3607 7837 4254 5269 7649
29 5371 3534 6155 5598 2873 6427 2794 6218 5146 6795 6666 7213 5118 9233 5104 5026 3319 9174 9928 7550 6126 5649 2328 6201 6366 9113 1079 5836 2791
28 2870 9145 4114 1807 2736 1241 4323 9495 7390 4130 8455 5438 5220 7102 9507 1511 618 759 1334 9048 8719 5932 808 3459 1762 8024 953 9837
32 2584 9141 4088 9699 5349 2353 7728 8111 7878 4889 373 2178 2842 7112 751 693 8283 955 7808 2899 3569 9105 2773 1086 4369 4228 8516 467 1295 4345 9607 5273
27 5254 4967 8481 4607 7667 6551 9461 9854 2009 7355 5852 1544 2428 3137 2206 4838 4654 3433 8705 7716 162 7490 9865 616 6029 1136 3375
23 6975 2 7084 8910 9745 8460 1871 2457 3835 1402 7740 2739 1052 7184 2695 8034 4572 3749 6801 7520 9633 6271 6172
29 4891 7320 3491 1751 479 1737 5896 2774 2179 2274 7038 7024 7455 7925 4443 5497 2743 3674 999 4557 444 355 3600 317 632 2537 7843 119 2565
38 9191 2849 5588 6151 2512 3763 6790 2633 3380 9915 1004 4394 1299 2310 9994 5133 7243 1960 2811 4633 6462 8498 4496 7353 755 9726 9644 945 3874 9167 7228 8363 5471 2616 3202 2620 8514 6148
27 6781 586 8850 3560 4573 5478 7927 4388 2055 8832 39 1701 2666 8688 3409 4623 2128 4451 1116 7819 5358 6702 4287 9774 5489 4963 2436
32 3636 6610 4543 8434 6959 5031 3907 7176 8500 9289 848 2183 8296 1698 8255 4637 9617 5484 6946 1584 705 8303 7226 959 7562 7252 5341 4790 1930 9579 1739 1993
22 3353 681 3216 3746 979 5228 8263 6572 3791 644 7459 3028 1838 6439 3884 8626 3736 8729 1786 7192 2273 7887
28 5482 9581 330 9785 931 3443 385 9078 4363 4857 6914 7188 5451 9448 1598 5399 5164 5858 6401 2764 5992 4651 1731 8043 7968 8784 1990 2611
30 3187 7793 3878 1339 1822 7721 7691 6419 1797 4290 7766 3975 709 4546 4157 5746 1858 414 8291 6685 5094 2932 8101 7895 787 8559 4762 2386 7315 7215
24 4611 3249 2933 7367 5724 5360 793 1849 6454 4402 7612 8348 2326 9098 8720 4991 7634 1107 3655 2844 5650 4872 788 3472
30 820 9413 4052 8872 4393 106 3780 720 871 7472 1104 6460 5198 264 3837 5498 9706 9897 1075 1438 4744 1041 3699 809 652 6901 9463 5375 2587 7049
31 719 7138 9392 1348 6640 3855 629 6868 7259 2359 9055 9439 9415 4885 5059 1880 7007 4551 1636 9066 5331 7127 6199 1476 1605 2190 8576 4608 9423 3555 6207
32 3016 8141 9106 3592 8625 1835 8936 9147 6618 4566 1532 7761 7039 1630 7340 1321 8384 1358 3684 1673 6512 7027 3732 9171 4029 3224 7281 7791 3355 8771 6017 3595
25 6507 8544 2813 2599 1575 3871 9186 204 2928 5428 918 5373 7196 8758 1213 761 1561 1478 3578 4360 2819 9705 8953 145 3334
27 5832 6265 5462 432 1961 3001 7359 1883 8794 8861 6471 7853 3213 9469 5567 3376 9709 1286 9521 7920 3864 1005 8685 3859 9148 3421 7362
22 2038 1408 598 2036 1131 5916 7316 400 4062 7328 8821 5817 4167 7155 4541 2650 9271 4013 9335 8660 3906 8443
24 6570 1826 4754 6258 8273 81 662 9949 7450 3407 7237 5027 2466 8414 2321 7732 6870 129 4210 3438 978 4820 4235 4978
27 327 9351 4182 659 2664 6826 7369 6230 2735 9593 2539 2066 7001 2251 4112 6724 3056 3621 9944 6383 8359 2074 6076 6818 9698 5054 7502
24 701 5555 6474 4976 9571 3192 1679 1680 3310 3730 6836 8762 5627 7103 4972 748 9972 8112 3547 4384 120 1551 9343 4131
30 7674 5835 8227 4535 421 1293 883 2788 3254 7651 2891 1483 376 3463 1840 7889 8158 7181 7635 535 5623 267 3023 7524 7154 7970 7371 4556 3048 9307
26 3440 8044 6664 3126 2701 5 320 1194 3398 8214 3146 3360 7701 7656 5485 2133 6788 5625 5576 9101 2559 8554 4688 9064 1522 5823
32 7782 7277 5077 2048 4286 4636 2439 2574 8645 6473 4898 6707 4667 2577 6878 5664 1482 7033 2821 4406 241 1246 9144 3282 2035 5933 6290 6260 344 6169 6435 3708
34 3155 1574 3694 1745 3411 6242 9825 6676 5512 9220 8238 3508 8989 8345 3199 2761 1856 1830 4080 8534 5986 9614 2458 4022 2575 5589 6769 4042 172 8236 3381 946 9799 4347
30 8078 3831 1842 6168 357 8250 3949 2838 6874 7916 6084 7305 5304 1744 1103 4434 5154 5422 9473 9230 8664 6342 2376 2046 749 4224 8743 2781 8114 4901
28 8858 9180 2442 1398 7436 1340 2562 7942 7939 9218 3807 3828 3495 2462 222 3820 4493 9085 5421 1355 1528 2240 4267 3426 6040 4798 5685 3570
29 3873 2000 1100 3582 294 4183 6205 9437 9153 4520 1206 8591 7258 8341 3102 912 3263 7535 8923 8853 9181 455 2264 7166 5256 8070 371 7608 2659
27 9601 9328 6117 676 8462 5875 8793 6697 997 7509 210 5299 5487 7141 6589 5544 1979 3823 4403 5300 2250 2962 196 3041 8959 5007 7820
25 1579 9336 1712 3044 8540 9115 6580 3090 739 1622 7032 6115 6182 7346 3853 6526 4269 1953 9364 4993 5996 2567 3197 7921 7471
27 4523 4119 2586 7394 2940 5298 5318 5683 6866 7142 194 5412 5913 4090 7924 3327 8444 2172 3497 1843 8411 8929 6832 940 4518 6960 9556
24 3766 8786 4217 5258 5945 1198 7880 9939 565 4223 5869 1771 6483 2006 1918 830 7943 853 1814 7659 1812 8731 5317 8879
29 1813 6200 9075 3385 7481 653 2918 7891 5074 4792 4153 741 4906 2877 1962 5606 5346 4106 9266 3690 7956 3572 1375 9679 2911 3305 696 6647 9510
27 3709 7418 4189 5247 5461 3455 610 1888 8274 8912 9376 5951 7059 9434 3983 3886 7248 9487 9701 7685 8173 4342 8032 5215 3218 4268 2296
30 1999 3922 457 817 6237 4739 6731 456 6212 3647 4542 4064 2382 8601 3616 5594 7217 490 9758 2871 9649 2421 828 4039 6011 390 8374 6264 8694 5255
34 577 9159 4466 7638 6463 5751 2570 8193 3318 2410 1259 4856 8628 3548 394 1467 1294 3389 9630 2697 100 8473 8069 9744 3221 699 8637 1393 677 491 1313 4364 124 1635
36 6042 7653 8220 8080 5129 7890 7867 8072 6452 8834 8848 4799 7597 5440 3434 4002 8248 4294 4420 7431 8129 3013 4787 5431 8525 1284 8064 3538 5558 2383 5536 5915 764 1954 7460 6065
27 8424 42 5942 2399 3322 3610 6710 2644 6295 5071 881 1163 1003 965 8982 3885 4924 1992 4816 8102 9523 8994 6308 4552 1991 7747 8799
30 3875 5952 5475 450 3260 477 6966 4313 2129 1541 6547 3158 1423 4497 6098 8094 3759 5122 4756 2425 7079 6232 4778 401 7204 6840 3066 4381 4197 8941
26 526 1808 5529 6382 6000 4076 5587 5568 1799 1933 1489 7712 8489 5356 9427 2070 4498 4806 8951 2784 8648 9667 7050 1184 6189 9918
30 5014 9591 7475 9385 3953 5654 3847 8201 435 4589 8289 7863 8437 6082 1642 9763 7363 903 325 8563 9341 4968 8606 9253 262 2779 3734 8986 9188 9346
32 1717 9168 4078 5564 6778 7575 3836 6779 675 7751 1555 1360 6927 3456 4180 7035 8610 2951 1088 8116 9528 285 1087 4233 3673 3586 5017 566 3072 9403 5033 1298
31 9049 3387 6229 3005 879 5796 9477 9350 9725 4444 790 3035 2426 865 198 3692 4700 9999 5038 9611 2827 7945 8922 8836 9065 9713 439 7764 1345 3006 9895
33 175 4935 8797 9930 338 971 7896 7278 3912 925 8944 6138 5791 4835 2724 777 2551 917 2889 4893 6050 2131 8459 3843 767 9061 7197 8742 5521 2718 5870 6524 5513
31 6423 9014 810 7698 7969 1124 8277 7406 4828 3678 5222 532 4344 6780 412 7696 5804 2034 9981 6789 5891 6122 9114 3133 9657 4362 4783 3208 7100 3913 3531
26 8995 4768 4994 9933 8733 8439 158 3669 3858 7483 3785 4782 6719 4851 623 4129 6396 6476 7285 8825 8136 3424 5936 937 9100 8096
22 207 2557 6231 2201 5052 5296 2947 2474 6646 5786 7750 2702 329 9843 142 6548 4848 9637 9517 5559 6320 7153
31 2851 102 78 128 69 7482 4887 9494 1127 8588 5142 1545 392 9529 6648 5894 1352 9598 5539 4847 478 6195 8580 8612 2222 6080 8197 2308 2487 3422 1766
30 7584 9888 2209 4238 1816 6509 1795 171 393 4478 22 530 9178 3494 9309 1135 1488 756 5103 6571 6297 7198 3750 695 9572 891 4257 7772 7806 411
30 9435 8946 2836 7864 3735 1890 3680 941 9808 4396 8325 3743 9703 1919 1873 7075 6166 2714 8519 9587 4861 7826 3296 3676 8739 9291 8522 3457 2143 1653
36 934 7096 4060 7569 5965 5456 3733 1588 1138 6309 7748 8004 6856 8808 4687 2397 2825 2463 6941 8864 922 628 1392 6119 9419 6739 2997 46 6805 4484 8647 4150 4459 4682 2099 419
30 7426 9189 552 3598 4560 3118 9961 9395 6186 4958 4262 2052 5834 8666 2369 8926 3344 8614 3088 6307 6894 867 7454 3070 8520 9112 2828 9358 5681 7272
30 1141 1048 3681 6402 3744 2221 964 9848 7317 5496 569 4658 7308 7043 9060 2949 6649 1903 438 7504 9574 4971 9691 1869 4593 44 3940 1369 2936 7456
33 2805 1572 4974 6030 2756 627 8992 2840 679 6369 1944 266 9056 4435 2412 3416 8436 9290 5652 8333 9653 4357 875 6896 9102 2655 5316 88 235 7435 9580 9873 3082
33 3423 6950 3590 874 8745 5940 7957 73 8285 365 5556 1306 2595 9500 4019 9187 805 5114 4538 595 7168 6514 7269 708 6139 6499 6532 8061 8187 4923 3554 8385 5885
31 5919 6392 445 7380 5910 2166 9678 9302 7393 230 2028 4374 5352 6429 1829 3034 4378 6223 4609 3162 4911 1201 9938 8071 5088 2978 7453 8219 5729 3829 3818
25 4960 5046 5966 1175 9462 8478 7981 4483 4334 8222 2682 1892 2872 514 8587 8684 5676 8888 1337 6325 9687 1607 6332 4339 5470
30 8097 9371 7611 850 9150 795 8991 8920 3299 3724 5119 8391 3490 1585 5808 984 6075 9387 985 3329 6314 935 3739 4242 7073 8818 9766 5985 6012 5178
26 1769 152 4065 2418 9817 1644 7621 6361 2142 409 9067 4720 5259 8901 7514 5150 9749 4508 2529 5305 948 4913 7002 6680 537 3116
22 660 7883 4415 3412 1917 8486 3313 7672 7785 1934 6829 5839 1439 5174 3253 260 3307 114 6053 7770 6303 8402
28 6808 4071 446 6620 1758 949 319 4117 1519 1256 9012 2720 2852 7025 9207 2939 9355 6492 2307 1523 1970 6333 7057 1663 3613 6141 3173 9212
33 6424 1587 3533 1468 8592 2482 7986 9980 3667 9184 7693 5975 7062 9368 636 6060 7588 4351 8223 1382 7200 3109 6039 7874 5893 7420 5735 9603 5294 6305 5551 7907 2367
30 5057 2793 5903 1410 9836 837 2106 9310 3865 5314 8907 7877 8938 2675 1401 9024 6306 884 840 4187 6035 5979 6081 4409 4319 5819 860 5780 6496 8887
25 8849 9111 1285 2169 6556 5863 7592 4577 9704 189 1552 6146 7585 4826 4853 5099 6825 2612 857 4746 9863 2514 4643 819 694
29 13 4764 5511 5109 2860 6278 630 1821 8042 8258 2867 2116 2984 3896 775 2364 5628 7040 5605 8091 3627 8243 9805 2501 8880 4548 2481 7996 5723
28 6197 1386 5237 2755 8701 5368 4722 2313 6037 7816 8231 8639 7948 9595 7500 8396 6058 7067 3223 9259 9569 3219 9074 7807 8830 6442 9544 973
26 7937 7995 9884 785 3755 4858 6652 6296 1166 567 5974 4417 8338 4902 6940 7813 2754 6777 5267 6373 9682 8169 4664 5805 1655 3633
33 9714 602 8415 9685 3462 6275 6016 1547 4137 5802 5055 9771 1168 7771 1182 1935 3488 2589 3026 3287 8461 536 1741 5799 6949 1159 786 5452 8192 9277 892 1629 6663
23 9321 4141 7576 9940 9484 4694 2039 8877 7443 954 6706 2226 5755 4321 744 8671 6394 9663 8065 8838 3237 6159 7568
35 570 5062 6857 8438 3396 2343 3537 1093 8410 674 550 5904 360 3194 4547 4081 4448 7238 6998 8843 1656 3549 8703 4007 1703 543 2284 7666 3214 1227 396 5092 2968 2809 6804
28 962 5465 5370 4957 8445 4304 5637 2247 5434 5028 642 9179 9185 9935 2888 101 7823 4842 6127 1844 5722 7169 9905 1396 8891 4135 3857 1508
30 7633 3123 8778 1855 4181 3114 8718 4273 3182 926 9954 2522 4732 9280 8675 9326 5409 1272 3499 5248 3754 9162 4846 3093 3924 1447 8527 3239 7930 9161
28 7662 1965 1531 4067 3164 4514 690 8076 2161 8206 38 1908 8899 6811 5962 2981 9312 2043 4043 4202 9512 3624 5380 7604 8981 9991 1177 3810
31 8099 5777 6888 7458 8699 4629 7149 3439 9457 7629 5189 2763 9910 3825 2913 527 6143 5833 2869 9297 3419 481 608 9639 9605 7376 8306 4020 637 2016 9478
32 9488 9215 5740 2971 4834 5051 6485 3091 7960 1882 980 4263 5293 1676 3379 2651 9127 6224 9618 3269 1706 5662 3960 7479 2366 6465 2927 509 448 2969 4097 7775
23 4753 3611 4802 9033 8584 308 5176 3648 5366 8894 8413 710 7739 669 4118 1058 9715 5657 1800 41 1106 9860 8618
29 7914 4322 4804 5595 1037 3324 5115 9811 2358 3272 2707 7703 8330 6213 5504 3461 5731 1225 4475 4837 864 201 1859 2072 6339 6833 3092 950 6806
30 8346 1818 3306 4400 9263 792 466 5502 4652 2924 6814 2859 4599 863 1894 3250 6521 7159 6326 6288 2974 1775 7250 1989 5286 2964 4337 7246 9650 1363
26 7148 6669 8890 8693 4495 9467 356 9281 6893 5290 1102 9707 3897 1654 2246 9396 6525 146 3577 4270 9947 1801 7399 6942 3071 969
31 3363 3765 4951 9747 8003 2350 5680 1923 5857 2950 4205 1759 110 521 3356 7072 7233 7831 7053 4610 7848 1743 9245 8079 7301 7128 5812 166 1678 6656 5392
25 7427 746 7822 9646 9123 5117 167 3905 3069 5578 322 5427 5067 7018 5737 6768 9530 4142 3689 9608 4222 5937 6028 3024 6055
31 4852 654 2417 4219 7151 7637 6128 8506 8904 2799 5350 4430 6114 6337 337 6698 3799 5287 4103 2118 7241 28 8557 6241 1297 814 2105 8978 1399 7165 2288
30 138 2265 4650 2145 4926 6657 6752 2525 257 2760 8815 855 1504 4955 1781 9426 1502 992 5745 3593 8104 5234 1580 2533 7107 8501 8774 7270 3529 7368
21 9543 2182 3417 9394 6615 2624 2835 9664 8482 57 9560 3596 7428 6827 6023 8930 155 2987 5359 4998 9109
27 1577 2330 7922 4311 6379 745 2289 6256 1915 3635 6508 2165 4011 9421 9119 5037 7129 4653 6095 8676 7224 10 1538 1820 8792 2007 6632
30 8057 9988 1805 2459 1380 3225 7054 3427 2937 363 5121 2153 3011 9010 782 4128 5971 3047 1495 4143 8817 7266 7827 1443 4999 714 7152 4274 3970 362
28 1109 1641 5476 404 5520 6912 3486 8036 1064 6630 9917 4383 2686 4813 3747 958 2972 6336 8800 7095 9402 2865 2177 5660 5549 3328 4512 7540
31 2378 8551 5197 89 3811 2049 4627 1245 1657 5159 6711 161 2124 7404 2404 6772 6594 6758 3125 1623 6505 3394 9313 7182 823 6797 641 1672 4791 3403 2494
29 2672 8709 1066 1558 4553 3644 5772 1326 3330 1444 7596 3819 4045 831 369 379 183 3574 4404 4987 9432 8361 6070 7933 6602 6619 2907 3188 6614
28 5500 7613 8829 4152 1994 3348 6277 4728 8967 6882 6601 2800 7088 1453 3639 5003 3880 2941 6900 1157 7034 622 5624 7074 7601 3993 2895 6576
24 4077 3511 736 5868 4302 4734 5861 2373 4952 5830 4423 1461 6453 5688 8156 1332 5961 2437 3510 3015 7478 7474 6639 4678
28 7324 7695 7253 2168 8549 7086 1998 8264 51 7334 3721 6272 3446 1171 6539 7189 3408 9779 342 7444 3498 7583 9001 3274 5609 8151 9802 9418
30 4398 7828 8934 9408 375 5671 150 4025 2511 5192 5442 7846 1929 5993 5767 6175 1456 7881 8491 2602 3788 3206 8905 5873 7019 2709 4437 2530 3504 4275
28 666 4473 256 2479 1715 443 8957 4642 9393 5490 7776 7377 5106 4132 909 2546 7737 9345 5139 7254 1475 8622 5391 453 1015 3474 6142 3399
27 3815 9925 2795 8624 2394 8873 5223 1836 8182 5659 7484 3431 4823 2923 8536 6951 7242 4669 4570 4010 9016 5762 4176 3352 573 7008 5021
26 6603 8394 1560 4001 2622 8609 3103 8001 2538 6210 6510 9547 6565 5056 1341 4786 4668 2081 757 9789 5677 2976 6654 4532 287 3436
28 4760 5245 665 7798 8053 9322 6767 7158 2637 134 2021 4095 9412 7525 9300 1667 3963 8288 2270 307 7051 6641 770 6289 5402 6573 3062 8314
26 3236 9282 328 2855 7042 906 9974 4788 1368 6854 3654 8476 5292 4226 9400 6621 324 4860 9578 7862 9514 2261 6311 2716 9782 5690
32 5798 2452 1860 1520 7625 6322 2468 5348 3151 3711 1020 7036 7071 84 609 406 3894 5842 6861 4843 4555 7425 4731 3561 9193 4631 6660 3779 1385 1891 6810 2894
28 2993 3256 271 8885 5534 5423 4355 6817 7046 4440 334 4092 1176 7288 7099 9232 5590 2564 8608 7403 8521 5011 4449 2454 1509 882 2786 6301
27 6845 3145 993 2524 1260 9258 908 5619 3745 2961 4306 753 4869 6674 4696 1847 1719 6380 3895 9471 4016 5866 351 7705 497 8574 9958
29 1472 9155 2554 2715 8833 1300 1160 252 3340 1643 8144 3134 8446 5840 8842 7953 6742 5479 842 1625 7797 6700 6886 5922 1586 8542 9542 1727 4594
29 9340 558 9872 7871 747 7742 2555 5066 4278 7988 2679 5976 4679 8318 6948 844 4335 7437 6443 6372 7599 5607 1570 3729 4297 2306 9444 8683 1185
29 671 2636 4122 7060 9752 7408 2782 7513 4145 718 4379 1128 861 3786 6968 3602 1366 847 2787 3726 5765 8902 2721 4877 2904 4586 655 7187 9138
29 4661 4616 1040 6864 4386 2058 4486 6274 5769 8466 7000 2262 8775 639 6607 3204 4706 19 7547 8021 6158 1331 942 105 4517 6972 8582 4897 2661
28 395 5383 8297 9224 3764 5883 7572 5850 5376 4874 2552 7131 8189 7344 6873 9091 5775 7994 7563 9684 520 6101 5776 2104 2211 3451 2059 6625
30 8407 6638 1113 2769 9636 5307 3205 4044 5403 6183 2092 6728 7532 8796 8422 2658 887 7208 672 1200 9479 9433 2638 6713 9476 5231 7839 6546 9527 519
32 6190 4481 3866 4165 8663 8865 8050 1174 5235 1089 991 1524 5332 1963 2527 4656 2087 5034 1026 1208 542 3483 2340 7440 2510 9613 3289 2441 2400 5845 3580 3386
33 2823 8595 6992 7529 1036 350 4966 8261 4677 9229 9425 2318 9733 7415 4124 7345 8755 6253 8883 1457 3301 131 6078 5419 4389 4499 5271 506 6636 2778 8782 6633 7805
31 5552 1753 3460 7309 288 6794 489 771 4017 4201 2643 109 5367 6544 4776 4800 2229 8107 4742 8403 9199 6243 6196 9945 349 113 3800 4735 3957 6561 7796
27 2652 8315 2954 8464 1969 4307 8641 2132 3506 7400 8507 9043 982 8867 1161 7143 3566 7971 8280 9318 7618 4973 9293 9968 5877 4635 6051
30 3233 9742 1365 7384 1505 4867 930 1707 7755 468 7190 9089 2610 2878 5782 4862 6220 9140 5098 244 5871 2875 7139 9032 2731 4981 6184 7697 4111 4690
28 3902 601 9284 2649 3099 4126 2154 9272 3520 200 4241 1215 5720 4072 1567 4232 2692 303 5957 3718 9226 7113 4296 1112 8770 5507 8351 5666
27 9211 2785 6595 3302 5855 9719 9238 5596 5084 8917 9857 3127 2893 6991 2327 5810 5495 122 6831 3294 8179 2990 427 9894 6737 6587 496
29 8090 7609 4944 4151 6348 8293 236 2136 1609 8499 6033 7935 6581 6993 5761 4199 9252 4693 834 370 6247 725 4209 3838 1834 6503 9573 4708 6596
26 1466 8724 5354 6046 9095 2920 0 2542 7336 6367 5108 2204 9359 30 6048 1906 1941 3244 774 8098 4675 2025 7164 2067 1690 6173
28 6891 5262 4896 4249 3716 5912 2531 9762 974 545 6693 7838 916 2114 5972 3458 8321 3852 3666 3967 9834 6467 1061 7858 6203 3589 7997 8805
23 9858 9257 9584 5815 1462 1677 541 9240 4247 2802 4882 4919 1142 5758 3662 6249 9088 364 2553 25 516 8132 7207
34 7735 8386 8513 1417 6869 1760 9121 9182 4004 8025 332 4401 5137 6192 3944 1968 3271 4549 4164 8304 976 3550 97 7686 2476 2443 8393 218 6136 621 9474 4714 1791 8465
22 9890 8267 8400 3950 4442 9489 9795 3100 4370 1872 4774 1320 7157 1308 4340 8196 7964 3597 7967 5629 2737 5002
24 1764 4469 9470 7331 6504 7526 3821 1096 4822 1557 9057 1490 664 9483 2312 9551 3178 5190 2491 7713 7738 2516 9838 7021
32 7901 8453 4049 7015 3333 7323 4784 3292 7022 3558 3934 5757 4864 886 8047 5818 3131 7388 7491 3888 5268 8497 500 8692 154 4245 9486 9082 2571 3083 3956 5284
28 7256 7760 8644 4996 2140 5020 2218 147 5784 4194 597 1309 359 5848 1223 4815 4648 2886 8822 2605 217 7461 7220 9020 6408 9642 8092 8307
33 4801 8561 1187 9764 2693 9384 4476 2057 7605 7931 4140 9952 1618 8371 9256 3889 6147 5565 64 5927 5087 6116 6420 7360 1790 1957 6745 4615 4026 7900 7841 503 7417
29 2711 2152 9522 3172 5566 8074 5829 9096 1095 3573 4193 2654 168 2068 6085 1650 6684 5075 4839 4113 7081 4035 4886 8405 7600 1815 8409 1559 3021
27 1788 7183 9592 9627 3033 33 5177 5168 7664 5297 3290 4410 9668 5827 6725 9005 9125 4528 9306 6986 2812 5725 2703 5398 3901 9969 9577
33 7313 3877 8118 7449 1024 9139 1681 2024 8012 6267 4174 452 822 7554 2014 3220 6696 8707 1806 6549 8806 8430 6355 7619 9953 1474 9778 31 9927 501 6266 869 7917
33 3968 1938 3618 2252 3036 343 9565 1167 7202 4929 5793 2935 8611 3622 345 3502 125 2171 7167 7558 2653 2200 2453 1234 5004 6281 7717 6929 9244 3840 9330 277 5674
26 8039 3562 3383 9304 8471 2258 1996 2846 9842 4921 3454 1742 6484 7493 2151 7591 2598 1273 8524 9086 5225 4646 1939 240 7861 7854
30 2414 9594 9037 3914 9984 4050 6125 5210 3783 7467 7392 383 670 6690 6354 9655 259 9455 7757 9047 9103 6691 6108 5575 2626 5344 6821 1484 8819 6413
30 8698 1817 6319 7448 191 6493 684 5435 1420 4900 7401 3863 5289 8020 8334 8140 1736 2910 4618 2023 2880 6194 1501 7905 5686 8515 8100 7850 2267 7134
27 724 1660 3361 9251 6313 408 7349 7468 9818 686 2998 7919 3514 1664 2287 6384 3231 3248 3414 165 7530 1669 640 9900 9916 6969 2406
26 8372 3384 9236 1220 7773 2391 3243 734 6800 1172 8512 3393 3096 5546 5790 7834 6678 6381 3966 5141 4462 9819 7518 6667 7934 9255
30 2146 6956 5524 915 4068 2472 2815 1016 1604 1012 36 8469 8147 6672 5998 2017 5093 3470 645 440 631 5165 458 1232 1912 3478 4584 8081 2075 7322
26 8404 8546 7894 4697 4069 5170 4630 3481 1419 4101 3121 3849 1761 8124 3512 1720 7510 3714 2180 3725 366 5221 6921 7726 9388 6279
30 9960 3265 6257 9755 3762 7980 6727 6300 1219 5474 8652 5096 3839 6749 6426 4332 9040 762 3594 5078 5788 284 5381 5091 4531 7090 7261 8744 9770 4188
26 6330 9054 4170 9416 5436 3281 5760 8874 2230 5036 2040 7429 3368 8621 1535 386 1240 6775 5616 4041 9377 8712 8165 2999 7004 5065
31 2163 8579 8710 8969 1407 8765 2642 8897 4524 4055 6329 4726 6918 3273 3795 9501 4578 2060 1114 8210 354 1471 8161 9142 890 4620 9198 4979 3351 2329 5029
31 8085 5324 8851 5881 3696 4030 6099 2232 7097 3364 5083 9228 6137 2056 1498 1145 700 3971 7570 5778 7085 8508 2669 3447 9201 1937 1943 8916 2291 4014 9700
28 3581 6227 9117 7689 6889 3291 5522 6500 9356 8646 5911 1226 2188 1371 9278 989 8882 1050 5340 1101 2461 3309 2089 8323 7121 7223 6598 63
31 2563 3075 8143 9120 4227 2167 6299 1222 2409 5105 1132 3176 1852 1435 4825 7989 4511 1418 6006 96 2411 3728 4554 921 9374 7342 2054 4890 2134 2504 7264
27 9696 5160 6021 854 9219 9165 9504 8831 5053 2320 8284 4147 8886 2982 3814 5825 4719 6087 5641 9541 5145 3994 894 9143 1967 7174 5042
31 5030 929 3899 1675 2914 8766 5079 9107 1897 5843 1647 5701 6388 5152 99 7515 5076 2740 9776 772 7640 1090 8600 7594 3712 3706 2862 5491 6217 6974 6511
28 5645 5955 4503 9352 7116 62 6634 3830 5253 9436 1693 8055 6705 6997 2897 9160 3061 7310 398 5931 2543 1687 8852 4108 4411 2385 2268 2444
28 8299 957 498 6983 6677 9937 184 465 8067 2699 228 1056 8925 3063 6502 5622 9295 7476 5288 3761 7311 9108 3111 7477 7677 8487 5365 4361
28 7132 1377 3640 9966 2506 238 2489 4724 1039 2100 5309 3241 1721 5015 1451 3152 1977 5554 4863 1432 2503 6209 1874 415 9003 6842 8167 4576
27 3198 4757 9397 9242 6411 2908 190 7105 9862 4179 2632 1819 8295 8133 6487 2271 1591 7940 2210 932 7306 37 6688 7106 2544 7194 2507
30 9814 2830 8502 5325 3701 8327 4053 970 9943 6163 5687 7037 5291 2408 2080 7130 5732 254 8226 180 2112 6468 346 2374 459 3141 8533 6704 3668 1533
32 4830 8184 2765 9227 6970 1278 2747 8381 4387 7680 3262 7824 8350 877 5265 8630 4855 4373 7763 4051 8041 591 8452 4198 9369 2336 8811 3661 8846 2008 2249 7641
33 5703 4107 3128 5387 1049 706 5351 6859 4452 6162 3304 9363 1709 8769 7663 729 1866 193 3869 6759 8271 8997 8869 7160 136 7736 2162 6661 818 5548 7852 7537 8395
30 2091 6796 4318 7603 2401 1854 1485 8150 391 6590 9964 3585 1530 2757 4244 2663 2596 8208 9656 6089 9449 9623 7868 8535 7616 7156 5526 836 9481 7364
28 3240 3756 5673 5334 1014 3259 3731 2346 6990 1603 5704 8224 5983 8813 3926 4371 3920 7069 6689 8973 2361 1922 6254 4255 9962 3979 2532 6133
25 5233 551 3367 791 311 5900 4158 9720 9979 2389 1188 8942 6714 1950 2660 2639 1803 4709 5089 9849 3527 7463 5667 2556 697
34 2648 482 5206 3921 7442 3557 9027 5706 2301 8553 4003 9658 9274 3813 9976 4990 778 4295 6063 3646 9681 1173 3890 3615 176 6118 3413 6771 4326 1237 8750 3030 9404 2084
28 750 9635 9039 9735 4082 7185 572 1302 1307 9634 9035 1085 9736 318 8773 7292 4070 72 8340 8229 3022 8088 2285 5101 2275 7319 8392 9600
25 4759 1186 5185 3139 8651 4116 243 3144 2078 3020 6368 9287 1170 7586 4488 492 6617 1565 4899 4216 8342 2483 7972 5275 2925
33 804 1833 1599 8870 1909 8063 8820 1165 8958 4089 2061 6276 4888 5509 7195 8956 9769 9712 733 1 6343 8198 4441 7325 7669 8789 1682 2498 1288 4422 966 4419 1154
31 2156 9194 5147 5898 2963 6563 7952 1133 6686 4745 6312 1792 1092 7275 5169 6813 8448 858 6129 9008 8578 381 483 4982 5364 5243 6899 8247 5633 5543 282
30 1204 2381 3693 4239 7161 6445 5251 9391 4231 4472 9531 9254 5068 5311 1460 2314 7962 9729 4059 2181 8984 3357 139 9210 8427 6659 1981 6673 2804 4771
27 7229 4581 9561 8950 6516 1283 6007 9753 4264 8573 5411 6338 7676 3031 5602 7780 4220 137 8633 4850 5702 1279 9041 5734 8353 2215 6865
26 4574 1143 3679 6936 273 5151 6753 1412 1735 5278 1431 2011 3314 3435 9370 6457 8254 9830 1845 7372 2579 3910 8736 9030 5970 1665
31 7794 6791 7439 1442 5744 9599 3651 6470 5748 8783 6015 3742 6651 8604 4425 8038 2300 9683 2521 8230 6984 5620 8428 1527 197 9069 77 5950 4354 1851 2217
32 7642 2191 8607 4494 1140 667 4200 7870 4953 8638 1233 5420 2416 2354 6450 8732 3641 6466 524 5977 9693 1077 206 5184 4450 7411 486 4291 2088 368 870 5988
30 2996 1568 5984 61 2640 779 8697 1264 8681 5433 8911 8680 5879 6225 4892 5024 924 58 4258 5816 3428 4464 579 8451 2109 6887 1281 6916 4699 8387
26 3860 9440 9732 1863 3992 6876 1203 5390 1242 7407 4515 115 5820 4139 8087 5672 9337 495 9333 8556 7647 1486 8416 2594 7655 6835
32 4634 2766 8324 9612 1123 3347 5303 3170 3215 9270 6860 5023 8213 4168 301 3798 4215 3401 998 9264 2231 8336 508 7070 1463 7904 2199 6077 8146 4590 3540 4625
26 7382 9246 3579 6973 3391 7286 7327 2797 9084 7462 5592 6954 3705 7882 6802 17 4770 6568 5814 5319 5085 5864 9912 1464 7424 2497
29 625 8246 1330 2573 5226 7383 1276 3703 216 2745 901 413 7082 8505 4456 6024 7702 4676 9209 7218 9730 2208 9000 6913 9631 442 3959 3758 511
27 9446 3452 6374 3536 4018 8594 5925 7240 7745 4431 2857 1126 6716 2549 8975 8319 6760 5630 3012 1251 1162 6335 8749 3653 9615 8631 2103
27 9360 816 928 5658 6113 952 15 6167 3430 1688 9908 1754 249 6375 3525 650 3142 2002 3691 876 7048 2269 8244 103 1916 5953 4331
28 1415 4507 3295 9428 6816 4356 943 9835 3058 2122 8665 1870 8378 8597 1571 5252 2690 3945 776 7469 4427 6848 1900 8058 581 4947 936 1596
26 9445 3288 9692 276 1275 2578 9761 289 2608 8488 8000 8593 4504 123 2704 7681 904 4305 279 657 8357 1966 3688 8695 5747 6513
29 1752 377 773 8717 7723 3722 6519 2435 2470 2001 5523 594 4519 5395 6206 7150 5800 2882 6387 4086 9783 9911 2958 7451 6774 7508 1601 8539 5779
31 4260 2517 2607 6461 3630 7020 462 9549 6341 5353 5396 1354 4040 7536 4127 8335 7884 7557 2256 9810 4125 6965 6839 4513 2742 1129 737 6377 3918 3143 2451
25 7006 3782 5244 7488 1804 8679 3904 5739 8211 7709 3507 3449 9334 2970 3599 2290 7333 5929 1155 3626 7354 5813 9071 4871 7690
23 2198 5801 8952 1152 4639 6446 6436 8655 5382 2647 6378 9 1713 4740 905 4439 9206 898 1686 3946 5928 1627 7492
29 1824 3827 416 4006 7744 8751 8884 5058 9380 5763 4489 9482 3415 3132 3477 4477 4424 407 1640 6875 4670 797 1718 7810 3583 4352 8240 5473 9932
29 7545 4259 6928 8282 2141 9097 682 8572 3604 1610 9885 5407 9420 1708 3392 7873 9158 8426 5519 7673 5651 2696 7565 7657 8763 6327 5032 1540 8180
26 688 7205 7179 170 1429 738 1243 1433 833 5124 6025 5306 245 7206 9262 7963 4939 5143 1455 7055 3450 5527 8060 2031 9296 1099
29 3832 6982 8669 1030 6092 2614 5313 6566 3997 9622 2853 4190 1269 6531 546 5828 5073 4365 112 1231 3445 8735 298 9978 1626 192 3958 1315 3642
26 7047 1387 7636 1422 6718 8375 4673 2687 7993 7374 7802 7282 2520 2342 9794 2419 4738 1190 7506 1078 2824 2866 2834 4793 2561 4747
25 4980 5535 8017 4909 1631 91 8518 9442 4997 6357 8153 6585 5890 9365 947 4054 4596 4299 7783 9519 5981 9813 2448 556 224
26 862 5941 4214 3954 2768 6622 3300 1602 6606 5404 6010 8066 7114 9424 3677 633 3068 2988 9807 5047 7193 4000 6981 3493 7804 7260
26 7855 4797 2069 7191 4587 8526 8249 1692 4941 8552 2276 2082 585 6226 5648 538 2420 8947 5203 1506 2392 312 5582 2706 9505 4037
27 94 9688 6635 5207 5181 7607 7489 9619 3544 5238 3631 8844 2316 3065 8475 9283 1887 7314 9965 5449 9686 3943 8117 575 4461 6038 7688
32 3210 1573 3471 2777 5310 5460 3266 6481 6464 3335 6793 1810 4457 9339 7419 5533 4583 3441 9588 8972 7236 1195 2029 7573 3337 4073 2934 735 8955 7280 8776 9847
32 7566 5069 6294 9797 7724 780 7016 1593 956 6538 9737 5508 3286 8145 92 6741 6134 1606 2333 599 1733 5494 8748 3374 6 8567 6002 7617 9422 4962 531 6906
31 6557 474 1492 3316 6073 555 6215 6268 1228 5282 4925 6399 4918 8780 2475 8221 7273 2684 4023 807 8048 9132 2117 3154 2398 6356 6495 2959 1638 7978 5638
30 8896 7984 4937 7579 3845 2279 4282 8828 3167 8369 1920 5691 2617 9344 713 6362 5958 6962 8420 7684 4879 8662 4206 3862 4121 4510 3930 3601 2814 8816
34 3720 4501 4662 6754 6421 8754 7866 4672 5862 1683 2513 5963 510 600 8560 6545 2432 6302 471 8199 9401 7446 7548 2102 4613 3559 3687 2170 1323 2585 9882 6480 5707 647
27 90 2847 5669 2037 7519 5448 1787 9406 9990 8642 8859 9068 9672 5443 1832 52 1291 4405 3789 5172 9661 754 5764 1958 3710 7214 7885
27 4671 5326 280 6347 2228 2930 4377 1895 6567 6263 7284 4914 3010 9411 9823 9534 4372 7083 6937 6066 3081 2095 2311 9438 4063 2254 3767
34 5837 3209 553 1862 1926 6005 4175 8756 1487 185 9648 2233 7743 7815 9780 2495 225 8149 5270 9011 263 2568 3552 6853 9294 4876 6259 242 5155 7486 3614 1705 4256 9558
31 3104 8653 7979 8356 6459 5308 6822 8970 939 2738 5887 4938 7670 9247 76 7290 5426 7221 247 3976 3915 2816 1617 6592 9063 1997 5560 2203 6008 5561 7010
26 1595 3575 3612 8237 8924 8454 2331 2176 8013 4021 8826 2500 1774 1416 4970 2407 8643 1356 7452 8252 7505 20 5374 8298 2957 9982
29 8961 5130 8566 9190 9537 4550 1120 9562 1214 331 986 4748 6692 9666 3067 8217 5393 7624 6558 9746 1984 9265 6679 4320 1266 6397 4592 2850 85
31 3704 6214 8399 6250 7707 9751 2144 4817 5188 164 3984 6550 2919 4527 4665 3315 1459 1406 1517 6726 2727 2113 5733 1884 3933 6517 4468 1470 3663 7718 592
34 9740 1130 8121 3201 9129 605 220 7675 6344 8668 203 1825 7983 1044 6176 8650 1070 169 2485 297 9596 9717 8119 6792 7283 3916 6031 8126 1857 1995 5515 6506 8583 1212
26 7297 4349 2241 9492 8130 215 7668 8569 6553 6331 7135 1329 2148 673 270 9323 1780 9867 4894 151 4324 8485 2885 4841 9786 8009
29 8545 3076 4922 7395 5537 422 53 9235 4545 9798 6847 8260 140 3685 4617 1063 9409 4752 1510 765 4810 5785 6579 9348 8084 806 2357 5621 8932
26 2698 9157 9417 9506 9454 3242 7163 4031 4544 6552 9694 6228 7385 6807 2047 8868 6107 4849 1529 8788 6181 7951 5859 2493 5930 5193
32 6543 9038 9460 182 34 9042 3524 9268 5126 6304 6971 1218 7352 3982 3695 838 8761 2193 7795 5884 4191 3824 8839 7398 1384 3200 1500 3163 6907 9347 7178 2149
27 9443 6488 108 4327 7769 740 5424 9172 6160 2509 3298 8352 6591 7271 1537 2227 6110 454 7749 3053 9977 7052 859 1881 8105 6240 7559
35 1942 7781 4568 5136 9743 2604 7351 6283 5416 1236 996 8377 6535 1694 384 9372 6352 5909 2372 7758 2798 507 6712 1748 9269 8531 3521 826 6569 5110 9563 6094 7926 8619 977
31 1359 5195 7279 515 4795 93 9583 689 1749 9906 7300 3251 2730 2671 3605 2387 5394 2299 3473 5060 9195 6605 4308 8045 5538 3649 8658 8317 8898 4875 4171
29 3025 9718 5528 4458 6407 2841 784 1055 5742 8728 3191 5347 5063 2817 2225 611 2224 2111 9647 1265 6528 8397 7821 9610 441 181 9765 4956 7326
29 5388 7186 7539 5997 8615 5705 3587 5425 9921 2325 5689 1029 367 494 6953 7578 2473 9429 1757 5469 118 6723 963 3995 3713 7683 8218 5204 5211
23 8948 5865 7543 5860 2673 5010 4446 6287 6145 7973 9959 3211 388 7438 7961 1850 6608 7567 2896 6943 1115 8596 2668
28 1831 8183 8565 4186 919 7065 5301 21 9815 1002 3453 6721 3941 3801 6837 6963 9070 9846 5923 1335 4755 8408 8302 9080 4954 4832 2956 2423
26 1512 2713 9366 7251 2430 3332 8790 3854 6389 888 4272 9545 7321 9299 4727 1789 801 2362 944 4859 2360 8203 4138 12 3404 3444
29 7639 9248 1704 7552 8841 1600 5144 5525 2138 3479 2027 1028 4110 2909 868 9993 9677 239 9414 8329 5924 9893 3790 4285 3980 4336 5386 7938 9604
32 6668 1539 4447 5149 144 968 1776 6554 7412 5639 3234 1899 1695 428 1662 4213 8242 8960 5295 8495 6967 3077 2641 8738 1685 9034 1728 1333 321 5562 6179 6479
33 4949 6897 9662 4765 1491 5156 6756 3267 7441 4385 1477 7473 9728 3124 8686 7792 9609 6438 4645 6494 6527 179 8457 1949 7389 5019 6799 4705 4927 6867 951 2901 2388
26 2086 9887 5756 2890 8286 9052 82 2339 1229 8256 9327 2050 2826 3321 522 4146 5541 5236 8300 9532 8467 9225 517 3308 5432 6898
29 9213 7337 436 3772 5112 5612 3405 232 8239 2242 7338 4454 6097 4945 4582 9809 5600 1661 4614 7210 7064 827 8202 3135 9924 1209 5918 6947 2518
24 7175 159 3027 8052 2352 1689 9781 7580 3320 9092 9250 7692 3576 8313 7373 5283 5363 1311 4061 9285 2942 5050 4712 5987
28 1925 8364 281 1421 8530 7249 1740 5125 9059 3882 5012 3110 5803 2903 2220 533 7172 4522 3805 2929 6555 423 4155 8672 4698 5372 3868 1289
29 2550 9031 8543 1590 2526 6844 9407 8328 4083 1986 7423 2705 5162 3377 758 8837 7447 9875 4725 2733 7293 9840 607 983 8018 4600 3008 6164 7414
27 7606 6600 5632 9816 1612 9665 8913 6978 4325 893 7466 7068 5847 9135 6345 5540 4240 2447 1450 913 5684 2588 692 205 5736 8753 5107
27 596 6770 3643 1976 1250 2053 3804 5670 6944 2832 8483 5429 7122 5249 5874 5072 5642 1346 8023 4261 7959 9926 8127 3084 9170 5276 1778
28 3492 5097 4766 9441 1746 1924 5472 1614 9721 1342 425 4413 5547 5279 9871 8332 559 3650 5880 9156 6469 9137 1324 4537 1716 730 3645 9192
33 3632 7511 275 8740 2858 3620 8966 813 6902 7561 8812 1370 3683 1427 2260 430 4713 7044 4328 1848 812 6939 7262 272 9062 7101 6317 8779 1947 480 2123 5481 3530
27 3171 6475 4099 3283 4948 1904 7405 4640 8993 323 8358 5964 3893 9844 8915 1094 9325 2309 9083 8704 3526 1372 3948 4479 6755 4965 2994
25 9727 1125 3656 16 4910 4391 7910 5439 431 1189 3794 2946 3981 5581 8908 3004 6734 2750 8301 3230 1153 1978 6447 1928 8265
21 994 4303 4794 7694 1700 7865 3040 3195 743 5035 3055 7620 1146 9716 6786 9525 347 8456 8823 5196 1875
31 8730 1846 5944 5545 8613 1239 5990 8281 4597 3513 1310 2955 5480 7076 5000 5611 8814 9217 8135 5692 1563 3965 7954 160 18 485 7094 24 9866 212 7911
33 4805 9288 1312 9891 9773 8711 9892 5274 4521 8723 5603 3955 564 133 2759 6540 4737 9169 5385 4359 2449 4563 9496 4426 1254 1119 6360 9767 6404 825 6732 6843 6014
29 3179 8128 8440 3951 6520 2912 4221 4134 6236 6872 8562 1144 4930 1452 7859 3108 1536 7803 1763 7433 3738 5264 4265 4681 6251 3796 9731 6149 4821
28 8383 2297 1556 4769 5826 3122 4298 1525 7304 9526 8659 4992 8007 4109 3571 1710 8827 9511 4429 4920 712 6239 752 7289 8845 7817 1367 233
27 8472 27 6152 2384 9772 1344 3429 5045 7958 8855 4749 7058 9196 5378 8764 56 9567 7350 5111 9722 5180 2065 5459 9535 6161 9971 4516
29 1191 8504 8971 5377 2012 9669 3186 4969 9044 5700 1301 2931 911 3317 4598 6418 3672 3928 7225 6346 5902 372 4884 2094 1022 5712 6235 4184 6491
25 3235 4474 1809 1025 4730 6221 9986 6562 8541 6412 1493 8661 3094 1853 7778 583 6120 6964 9028 9550 1449 9099 796 5717 6216
34 4397 5557 5939 7496 5134 5148 1076 5901 173 789 9317 6820 9839 4844 5766 5579 8142 2741 8051 1047 2379 4056 348 9711 5518 1546 7523 6533 2572 3168 8272 8548 4977 8311
29 2351 1956 8503 3698 5696 8418 4809 1411 8876 7091 353 2355 4601 9381 1221 1013 4162 1931 3773 5754 7818 7445 8706 9221 7125 8987 3345 6650 4915
23 8339 7011 6910 1217 8968 2064 6472 7291 1000 8616 55 6892 7199 9877 5640 7041 6834 4445 4075 856 6052 3468 5361
28 3181 5336 8027 2236 2429 5323 7379 2601 8477 1564 1589 2004 1458 7307 2979 7626 3261 7710 8795 1065 3787 6852 4366 634 3196 8195 1350 9768
30 6980 3119 8523 7787 9951 9806 8937 9864 902 8398 8123 1837 2255 4689 1314 6072 3400 5614 9509 5043 9239 5563 1274 6733 9859 1583 7711 9788 4695 7533
33 23 4246 2864 49 9382 1907 5224 7361 9975 5312 3784 1317 3228 9007 6018 8963 5048 914 2187 4033 6850 302 3276 9566 5743 885 7498 7551 4407 3760 8270 341 3107
29 3169 9361 40 2396 5102 7299 499 2983 8627 4736 3105 6252 6612 2973 9923 4312 7365 588 268 2592 8 433 5715 3841 6431 127 7729 2431 9914
30 9589 286 626 3987 3373 2137 5682 8494 8292 6559 4931 6364 2062 8939 1147 4161 5214 9674 4868 4604 4781 6047 6391 11 7480 5016 7789 6269 8715 9784
27 2090 5467 2365 7120 3844 4156 4104 6395 5302 7869 4833 7928 8824 8752 2464 8190 4149 5205 1426 8086 6019 1782 8772 251 65 5618 2783
29 405 6245 2305 7976 9874 5201 261 3166 9375 6862 9116 3584 339 5994 6624 449 6977 6315 9920 4854 6536 1827 7339 2953 3207 2041 8290 2349 3517
27 3247 9447 2496 7358 7244 3442 7845 2018 3556 2843 7812 313 2120 8185 3382 9796 5239 7999 6863 3255 9009 5328 9036 661 6932 4707 265
37 9498 3929 9942 6890 5794 6351 7144 6766 2677 221 5138 6286 8251 6675 1207 6574 8347 9750 5905 178 8109 9616 1122 4492 5989 1338 8331 6270 410 7501 6583 3842 3311 9586 7593 5044 6090
28 9136 7216 6623 9076 589 7201 3528 4048 2917 5369 4500 59 8106 3095 7298 6156 1383 8667 8259 2665 4663 6370 6560 2667 6358 1010 9555 6091
32 3496 3628 4236 4803 9175 7232 7715 5446 4880 1193 8603 5384 1516 9087 1867 4565 1972 9902 8787 5982 4704 4812 1619 4626 4932 186 4959 9524 8803 6722 7123 3870
29 9538 2583 9913 3972 3339 2469 2906 9640 7719 9936 4185 1971 2725 907 6809 3700 9931 8362 7378 6334 3184 6020 1008 6645 1982 2905 8555 6783 5216
22 4796 1425 8073 4480 2767 5005 6027 8673 2194 4785 7267 9311 5947 5727 1886 8804 104 8474 9342 6490 2371 7936
30 1038 1271 4169 2916 4009 1430 6703 1238 2541 2477 472 9889 648 8892 9216 2900 7809 920 5730 1613 6958 3900 1072 4036 5158 2248 3909 3138 3159 1773
22 5613 2874 9559 4084 5797 117 3802 3362 8008 1303 6908 9367 604 6403 5899 4595 1180 6662 1277 7517 9748 7063
30 846 8468 8207 656 3476 1059 304 6985 9456 3297 1767 7610 1861 5329 9303 9792 3180 5013 6695 2490 4159 8030 8160 2732 5408 7396 7413 8682 3285 7899
30 352 5532 2263 2085 5949 6280 3480 8840 8760 4533 6187 2560 2278 4509 613 9671 7762 8312 8863 7274 5437 149 6920 7731 3664 2380 5227 4789 3748 4300
33 3665 5503 3833 7402 8049 3671 2748 209 4251 9660 3565 8857 1405 3136 3568 815 7124 2753 2108 5573 4133 8181 3270 9331 5120 8343 1305 9023 9828 7631 2952 8194 722
34 9243 8406 8590 6482 7109 1390 9831 7375 1151 4575 8316 7765 5601 9332 1436 2534 7012 9430 7126 5505 6104 5841 3638 9518 4711 2159 6109 7512 7754 7119 4936 9045 1697 1648
31 3505 3482 6003 2195 7974 703 2591 8022 5969 2175 5183 620 3336 7753 7370 1244 8137 8871 7700 5187 1611 5572 3792 2356 296 1108 3112 1594 6798 9645 470
30 8835 2332 5113 1192 5263 1608 4983 7239 250 8577 2960 1290 4266 403 4985 6996 6904 6924 7231 8233 4649 1394 1569 8785 8287 9620 6828 8225 7908 1637
34 7704 6001 7487 1670 1983 4870 3867 1465 8266 8365 74 1248 7257 6976 7077 1905 938 7630 5001 8757 646 6736 763 6067 1202 4485 8690 7788 5960 4526 1235 2582 4539 6787
29 2202 4989 554 4808 3149 7295 7485 3917 6522 5343 2892 6515 4047 3553 3771 6915 7276 4845 1403 8900 3395 1699 2079 195 3588 5261 47 9697 9204
27 6671 8568 6154 2803 7329 2135 1592 6979 4831 6989 9051 143 643 2508 3535 6938 9946 4333 7092 1646 5792 783 2427 1951 7544 7553 8670
32 4066 7343 6879 8586 9967 2569 9803 3326 8441 8262 878 310 4603 1353 86 7564 1169 8171 9896 6054 6004 1722 1987 9373 3990 8962 2691 9320 3148 8640 5320 7234
28 7030 1035 3775 7581 2535 4250 9241 7598 5401 7661 5647 7906 3817 7589 4602 8860 2292 2259 3466 3000 3358 6838 6013 5466 2345 3467 1027 711
27 9826 8657 687 7230 9708 2536 9362 8235 5570 5355 3637 9575 5694 1948 1494 6895 2077 8529 1351 1216 2486 8010 3542 1287 843 9018 2107
32 6597 8447 4751 3064 2239 3049 3741 9314 2722 9690 5530 584 387 8278 1621 5695 3370 6376 9046 5655 5179 707 1388 4624 7857 1017 9886 4702 9987 340 3106 2719
26 839 9166 7516 3331 5229 8176 7117 219 3986 4591 5441 7104 4288 3657 7888 2792 9626 7582 668 9503 374 8777 9134 1071 6564 1911
26 4433 7031 8903 5153 8906 4252 2868 5315 1304 8511 2656 8115 8807 6629 6323 8847 8155 8921 5920 9357 7892 1841 1316 1428 9015 8696
32 3551 314 9820 3937 5721 7335 1051 1562 606 3420 9451 6385 3280 5175 7009 6291 5646 6930 7836 2488 549 4225 1362 1110 8388 8716 7799 3045 4561 6883 1150 3059
29 811 6819 9621 6681 7430 3079 4395 380 290 4657 7830 2235 4779 9453 7909 2945 5123 5468 2688 9638 1497 6273 8708 1361 1105 1550 8268 9995 2157
33 8152 910 1148 9804 6748 1554 2147 8093 2744 8741 2728 5838 3908 8131 6318 872 5770 3390 5135 7779 1973 8082 9929 3485 7255 9013 4912 2545 5665 2214 2712 6371 6135
28 7720 6425 9787 6961 4034 6922 4096 6036 2266 177 3989 5064 2121 9279 5230 9214 3046 5636 2861 2831 5025 9602 1877 1404 7801 4353 126 5453
25 5241 5583 5668 4195 3623 4005 1373 174 4432 2646 8089 1988 2076 9628 7118 512 6530 2216 9901 7 3861 8308 5285 5991 2681
27 5008 6785 726 6416 6102 2966 1913 4530 851 437 4559 6185 8889 8337 5219 9177 6448 8095 5806 8269 3029 5824 6593 4008 8077 5774 447
35 476 1437 3258 5127 6410 8421 6049 1898 3130 5781 529 3543 6298 1553 557 5202 274 9757 5643 3293 9017 4399 5061 6165 9298 2621 9472 1374 8802 8002 6637 8589 6390 900 3232
24 612 9850 4773 5895 7147 8726 2450 1730 7847 9812 2502 4382 580 6365 1117 1336 8016 5335 3032 4012 9025 3120 2879 1868
31 1691 548 3350 2051 2126 6658 975 3037 8005 2689 4691 4204 4873 5661 4376 2657 9390 802 418 9553 2723 6132 7137 8635 3996 2884 889 3652 9349 5851 9354
22 766 1062 429 2003 3757 1794 8798 9006 4163 1023 9739 2645 4414 5741 1624 7302 5710 9950 3014 7741 561 9724
28 4392 4701 9756 4777 1441 1784 8581 9851 9203 70 4818 9855 2818 8509 895 7615 5242 2026 6604 6803 1343 1381 7665 4038 9582 1270 5897 5486
34 9957 698 6497 5967 6935 5400 7180 9856 2433 2322 9853 2558 2547 8878 8435 2413 1068 1876 2341 4946 5212 4763 5338 5414 7263 1183 9022 1378 4196 8893 2881 9410 7947 2480
28 6062 7708 563 6177 4248 2770 2771 3675 4579 6773 2790 603 5006 6644 9659 2022 6458 8209 6917 1318 8433 8747 2393 9759 6988 5678 9431 1921
26 7222 1893 68 1964 2212 7087 4975 7541 141 9231 3402 2020 2833 5132 2032 2283 8370 2174 6071 6316 2282 6022 7521 1503 2155 582
25 6687 534 8177 5914 9606 2965 4942 6994 6738 1121 8602 9502 8558 3054 5943 6518 3891 9801 3017 4772 9205 1633 79 6823 845
27 4878 5049 6720 1205 896 7416 3898 5610 7915 5163 987 3608 8691 9118 4471 2125 8599 1632 9465 3007 6131 4569 2883 4412 1473 9827 6588
29 523 7494 4057 7752 229 3238 4314 1521 7872 8458 6171 4028 3846 2606 683 6398 1783 7912 2700 1084 3658 7658 5719 9881 4271 4995 8895 6830 6730
27 7918 4632 4529 7842 9315 4315 1098 2590 8035 6757 9876 9570 6884 5272 5444 2515 658 8212 723 1031 1974 4367 5882 8011 3366 4767 7577
33 8205 1896 6931 5934 6234 9790 1770 484 2403 7330 7531 5281 2465 3974 6044 4277 4280 7212 5040 2173 7023 6285 5321 7434 3947 7287 3848 4905 7923 8928 2213 6537 6627
26 3856 9695 5345 7026 4408 5499 5157 6919 3185 5510 615 4032 6026 5095 5978 1376 5463 2277 5663 3523 8157 9680 4721 2422 2523 3769
30 8983 5041 502 3518 9907 2375 9880 1839 6740 6824 2286 7387 8159 7990 3879 9996 3129 6079 4453 9386 5656 2471 9399 7977 3998 1975 4380 8918 8479 6441
28 1364 6729 9131 6284 35 9183 8914 8322 5749 1548 7432 5200 5330 1409 635 5447 505 5708 4928 3964 6880 4729 8632 3727 3057 283 2678 4644
29 1060 8366 7397 5116 2992 6744 7660 1007 3484 6449 9466 2576 95 214 981 3418 8702 3222 8419 2192 3768 7145 614 6248 2257 4895 3719 5789 9163
23 1424 3503 6699 5713 5166 5167 5406 1081 9090 1395 4428 9389 6611 2975 8856 6144 1018 7602 4811 3931 9829 4685 6121
30 7946 7235 5889 417 460 4655 2801 6359 3156 2097 7503 6238 9490 4160 2540 7898 3193 4836 3371 5853 1379 1649 3052 8809 6541 5445 6293 3988 7470 2810
27 1247 8432 6655 9956 4715 1267 1985 5542 590 7347 2499 5090 83 9222 5716 5191 9564 211 2402 246 1696 2363 9004 2938 6068 8037 5644
34 7574 9791 9202 3264 9702 8234 3346 3619 9533 9675 3086 4460 1526 1889 2044 4986 9800 1726 6350 8029 1652 9237 3809 5892 4024 8326 9301 1347 7991 5430 2189 1001 849 6202
24 9992 9200 1178 3881 8320 7061 420 8215 2780 799 9673 9405 7628 2045 3751 4536 9539 8940 4984 587 3522 3161 8412 3876
28 3991 4166 544 9130 4716 8417 6057 3887 8309 4684 6582 1097 9845 1507 8031 7546 803 3432 2319 9316 6957 4558 5217 8985 6782 1181 8768 5208
26 6578 227 1067 1197 309 9540 8463 6523 9093 7409 9760 3246 4276 7013 9734 7932 5493 1578 8138 4606 7140 5728 7730 8376 617 3808
