1 151
1 2
1 130
1 208
1 183
1 257
1 274
1 132
1 165
1 175
1 169
1 173
1 149
1 211
1 247
1 84
1 94
1 49
1 77
1 153
1 278
1 52
1 189
1 1
1 272
1 206
1 293
1 9
1 233
1 178
1 240
1 123
1 69
1 135
1 256
1 143
1 262
1 37
1 97
1 279
1 194
1 46
1 229
1 154
1 270
1 126
1 47
1 186
1 228
1 30
1 71
1 288
1 231
1 251
1 120
1 215
1 59
1 155
1 196
1 141
1 297
1 176
1 12
1 252
1 106
1 104
1 43
1 112
1 223
3 243 45 152
8 34 110 134 171 122 209 291 242
1 142
1 145
1 265
1 100
1 192
1 17
1 78
1 280
1 182
1 66
14 33 103 133 273 57 224 102 157 86 117 23 93 81 67
2 191 205
10 54 80 62 38 113 64 26 170 83 266
1 55
15 275 72 24 13 74 44 53 32 217 207 197 90 5 20 289
7 65 107 40 158 109 119 292
5 168 144 284 236 98
10 108 286 210 198 281 222 254 268 298 10
14 180 249 162 136 15 63 39 28 185 3 61 140 287 250
15 0 212 148 260 18 200 226 277 241 82 163 114 235 248 51
7 99 299 105 202 258 35 115
15 234 41 88 159 95 187 267 245 230 244 27 22 190 70 16
16 179 164 7 203 58 285 129 91 29 146 111 73 42 118 139 264
12 296 259 290 213 174 239 295 177 269 25 199 31
13 167 184 8 246 220 193 125 166 172 14 253 195 201
12 216 75 92 225 19 232 128 121 160 48 101 181
15 36 87 4 127 218 263 261 79 96 204 68 89 76 131 219
13 221 85 161 137 150 60 21 282 50 11 6 138 238
14 116 294 276 227 56 156 188 214 271 237 147 283 124 255
